

Started GET "/assets/rails.png" for 127.0.0.1 at 2014-08-19 12:53:17 -0300
Connecting to database specified by database.yml
Served asset /rails.png - 200 OK (143ms)
Connecting to database specified by database.yml
Connecting to database specified by database.yml
Connecting to database specified by database.yml


Started GET "/assets/rails.png" for 127.0.0.1 at 2014-08-19 13:15:21 -0300
Connecting to database specified by database.yml
Served asset /rails.png - 304 Not Modified (11ms)


Started GET "/caterorders" for 127.0.0.1 at 2014-08-19 13:15:31 -0300

ActionController::RoutingError (No route matches [GET] "/caterorders"):
  actionpack (3.2.18) lib/action_dispatch/middleware/debug_exceptions.rb:21:in `call'
  actionpack (3.2.18) lib/action_dispatch/middleware/show_exceptions.rb:56:in `call'
  railties (3.2.18) lib/rails/rack/logger.rb:32:in `call_app'
  railties (3.2.18) lib/rails/rack/logger.rb:16:in `block in call'
  activesupport (3.2.18) lib/active_support/tagged_logging.rb:22:in `tagged'
  railties (3.2.18) lib/rails/rack/logger.rb:16:in `call'
  actionpack (3.2.18) lib/action_dispatch/middleware/request_id.rb:22:in `call'
  rack (1.4.5) lib/rack/methodoverride.rb:21:in `call'
  rack (1.4.5) lib/rack/runtime.rb:17:in `call'
  activesupport (3.2.18) lib/active_support/cache/strategy/local_cache.rb:72:in `call'
  rack (1.4.5) lib/rack/lock.rb:15:in `call'
  actionpack (3.2.18) lib/action_dispatch/middleware/static.rb:63:in `call'
  railties (3.2.18) lib/rails/engine.rb:484:in `call'
  railties (3.2.18) lib/rails/application.rb:231:in `call'
  rack (1.4.5) lib/rack/content_length.rb:14:in `call'
  railties (3.2.18) lib/rails/rack/log_tailer.rb:17:in `call'
  rack (1.4.5) lib/rack/handler/webrick.rb:59:in `service'
  /home/saasbook/.rvm/rubies/ruby-1.9.3-p448/lib/ruby/1.9.1/webrick/httpserver.rb:138:in `service'
  /home/saasbook/.rvm/rubies/ruby-1.9.3-p448/lib/ruby/1.9.1/webrick/httpserver.rb:94:in `run'
  /home/saasbook/.rvm/rubies/ruby-1.9.3-p448/lib/ruby/1.9.1/webrick/server.rb:191:in `block in start_thread'


  Rendered /home/saasbook/.rvm/gems/ruby-1.9.3-p448/gems/actionpack-3.2.18/lib/action_dispatch/middleware/templates/rescues/routing_error.erb within rescues/layout (45.9ms)


Started GET "/cater" for 127.0.0.1 at 2014-08-19 13:15:38 -0300

ActionController::RoutingError (No route matches [GET] "/cater"):
  actionpack (3.2.18) lib/action_dispatch/middleware/debug_exceptions.rb:21:in `call'
  actionpack (3.2.18) lib/action_dispatch/middleware/show_exceptions.rb:56:in `call'
  railties (3.2.18) lib/rails/rack/logger.rb:32:in `call_app'
  railties (3.2.18) lib/rails/rack/logger.rb:16:in `block in call'
  activesupport (3.2.18) lib/active_support/tagged_logging.rb:22:in `tagged'
  railties (3.2.18) lib/rails/rack/logger.rb:16:in `call'
  actionpack (3.2.18) lib/action_dispatch/middleware/request_id.rb:22:in `call'
  rack (1.4.5) lib/rack/methodoverride.rb:21:in `call'
  rack (1.4.5) lib/rack/runtime.rb:17:in `call'
  activesupport (3.2.18) lib/active_support/cache/strategy/local_cache.rb:72:in `call'
  rack (1.4.5) lib/rack/lock.rb:15:in `call'
  actionpack (3.2.18) lib/action_dispatch/middleware/static.rb:63:in `call'
  railties (3.2.18) lib/rails/engine.rb:484:in `call'
  railties (3.2.18) lib/rails/application.rb:231:in `call'
  rack (1.4.5) lib/rack/content_length.rb:14:in `call'
  railties (3.2.18) lib/rails/rack/log_tailer.rb:17:in `call'
  rack (1.4.5) lib/rack/handler/webrick.rb:59:in `service'
  /home/saasbook/.rvm/rubies/ruby-1.9.3-p448/lib/ruby/1.9.1/webrick/httpserver.rb:138:in `service'
  /home/saasbook/.rvm/rubies/ruby-1.9.3-p448/lib/ruby/1.9.1/webrick/httpserver.rb:94:in `run'
  /home/saasbook/.rvm/rubies/ruby-1.9.3-p448/lib/ruby/1.9.1/webrick/server.rb:191:in `block in start_thread'


  Rendered /home/saasbook/.rvm/gems/ruby-1.9.3-p448/gems/actionpack-3.2.18/lib/action_dispatch/middleware/templates/rescues/routing_error.erb within rescues/layout (5.6ms)


Started GET "/depts_controller" for 127.0.0.1 at 2014-08-19 13:27:55 -0300
Connecting to database specified by database.yml

ActionController::RoutingError (No route matches [GET] "/depts_controller"):
  actionpack (3.2.18) lib/action_dispatch/middleware/debug_exceptions.rb:21:in `call'
  actionpack (3.2.18) lib/action_dispatch/middleware/show_exceptions.rb:56:in `call'
  railties (3.2.18) lib/rails/rack/logger.rb:32:in `call_app'
  railties (3.2.18) lib/rails/rack/logger.rb:16:in `block in call'
  activesupport (3.2.18) lib/active_support/tagged_logging.rb:22:in `tagged'
  railties (3.2.18) lib/rails/rack/logger.rb:16:in `call'
  actionpack (3.2.18) lib/action_dispatch/middleware/request_id.rb:22:in `call'
  rack (1.4.5) lib/rack/methodoverride.rb:21:in `call'
  rack (1.4.5) lib/rack/runtime.rb:17:in `call'
  activesupport (3.2.18) lib/active_support/cache/strategy/local_cache.rb:72:in `call'
  rack (1.4.5) lib/rack/lock.rb:15:in `call'
  actionpack (3.2.18) lib/action_dispatch/middleware/static.rb:63:in `call'
  railties (3.2.18) lib/rails/engine.rb:484:in `call'
  railties (3.2.18) lib/rails/application.rb:231:in `call'
  rack (1.4.5) lib/rack/content_length.rb:14:in `call'
  railties (3.2.18) lib/rails/rack/log_tailer.rb:17:in `call'
  rack (1.4.5) lib/rack/handler/webrick.rb:59:in `service'
  /home/saasbook/.rvm/rubies/ruby-1.9.3-p448/lib/ruby/1.9.1/webrick/httpserver.rb:138:in `service'
  /home/saasbook/.rvm/rubies/ruby-1.9.3-p448/lib/ruby/1.9.1/webrick/httpserver.rb:94:in `run'
  /home/saasbook/.rvm/rubies/ruby-1.9.3-p448/lib/ruby/1.9.1/webrick/server.rb:191:in `block in start_thread'


  Rendered /home/saasbook/.rvm/gems/ruby-1.9.3-p448/gems/actionpack-3.2.18/lib/action_dispatch/middleware/templates/rescues/routing_error.erb within rescues/layout (48.2ms)


Started GET "/dept" for 127.0.0.1 at 2014-08-19 13:28:21 -0300

ActionController::RoutingError (No route matches [GET] "/dept"):
  actionpack (3.2.18) lib/action_dispatch/middleware/debug_exceptions.rb:21:in `call'
  actionpack (3.2.18) lib/action_dispatch/middleware/show_exceptions.rb:56:in `call'
  railties (3.2.18) lib/rails/rack/logger.rb:32:in `call_app'
  railties (3.2.18) lib/rails/rack/logger.rb:16:in `block in call'
  activesupport (3.2.18) lib/active_support/tagged_logging.rb:22:in `tagged'
  railties (3.2.18) lib/rails/rack/logger.rb:16:in `call'
  actionpack (3.2.18) lib/action_dispatch/middleware/request_id.rb:22:in `call'
  rack (1.4.5) lib/rack/methodoverride.rb:21:in `call'
  rack (1.4.5) lib/rack/runtime.rb:17:in `call'
  activesupport (3.2.18) lib/active_support/cache/strategy/local_cache.rb:72:in `call'
  rack (1.4.5) lib/rack/lock.rb:15:in `call'
  actionpack (3.2.18) lib/action_dispatch/middleware/static.rb:63:in `call'
  railties (3.2.18) lib/rails/engine.rb:484:in `call'
  railties (3.2.18) lib/rails/application.rb:231:in `call'
  rack (1.4.5) lib/rack/content_length.rb:14:in `call'
  railties (3.2.18) lib/rails/rack/log_tailer.rb:17:in `call'
  rack (1.4.5) lib/rack/handler/webrick.rb:59:in `service'
  /home/saasbook/.rvm/rubies/ruby-1.9.3-p448/lib/ruby/1.9.1/webrick/httpserver.rb:138:in `service'
  /home/saasbook/.rvm/rubies/ruby-1.9.3-p448/lib/ruby/1.9.1/webrick/httpserver.rb:94:in `run'
  /home/saasbook/.rvm/rubies/ruby-1.9.3-p448/lib/ruby/1.9.1/webrick/server.rb:191:in `block in start_thread'


  Rendered /home/saasbook/.rvm/gems/ruby-1.9.3-p448/gems/actionpack-3.2.18/lib/action_dispatch/middleware/templates/rescues/routing_error.erb within rescues/layout (10.6ms)


Started GET "/dept" for 127.0.0.1 at 2014-08-19 13:28:27 -0300

ActionController::RoutingError (No route matches [GET] "/dept"):
  actionpack (3.2.18) lib/action_dispatch/middleware/debug_exceptions.rb:21:in `call'
  actionpack (3.2.18) lib/action_dispatch/middleware/show_exceptions.rb:56:in `call'
  railties (3.2.18) lib/rails/rack/logger.rb:32:in `call_app'
  railties (3.2.18) lib/rails/rack/logger.rb:16:in `block in call'
  activesupport (3.2.18) lib/active_support/tagged_logging.rb:22:in `tagged'
  railties (3.2.18) lib/rails/rack/logger.rb:16:in `call'
  actionpack (3.2.18) lib/action_dispatch/middleware/request_id.rb:22:in `call'
  rack (1.4.5) lib/rack/methodoverride.rb:21:in `call'
  rack (1.4.5) lib/rack/runtime.rb:17:in `call'
  activesupport (3.2.18) lib/active_support/cache/strategy/local_cache.rb:72:in `call'
  rack (1.4.5) lib/rack/lock.rb:15:in `call'
  actionpack (3.2.18) lib/action_dispatch/middleware/static.rb:63:in `call'
  railties (3.2.18) lib/rails/engine.rb:484:in `call'
  railties (3.2.18) lib/rails/application.rb:231:in `call'
  rack (1.4.5) lib/rack/content_length.rb:14:in `call'
  railties (3.2.18) lib/rails/rack/log_tailer.rb:17:in `call'
  rack (1.4.5) lib/rack/handler/webrick.rb:59:in `service'
  /home/saasbook/.rvm/rubies/ruby-1.9.3-p448/lib/ruby/1.9.1/webrick/httpserver.rb:138:in `service'
  /home/saasbook/.rvm/rubies/ruby-1.9.3-p448/lib/ruby/1.9.1/webrick/httpserver.rb:94:in `run'
  /home/saasbook/.rvm/rubies/ruby-1.9.3-p448/lib/ruby/1.9.1/webrick/server.rb:191:in `block in start_thread'


  Rendered /home/saasbook/.rvm/gems/ruby-1.9.3-p448/gems/actionpack-3.2.18/lib/action_dispatch/middleware/templates/rescues/routing_error.erb within rescues/layout (2.9ms)


Started GET "/dept" for 127.0.0.1 at 2014-08-19 13:28:30 -0300

ActionController::RoutingError (No route matches [GET] "/dept"):
  actionpack (3.2.18) lib/action_dispatch/middleware/debug_exceptions.rb:21:in `call'
  actionpack (3.2.18) lib/action_dispatch/middleware/show_exceptions.rb:56:in `call'
  railties (3.2.18) lib/rails/rack/logger.rb:32:in `call_app'
  railties (3.2.18) lib/rails/rack/logger.rb:16:in `block in call'
  activesupport (3.2.18) lib/active_support/tagged_logging.rb:22:in `tagged'
  railties (3.2.18) lib/rails/rack/logger.rb:16:in `call'
  actionpack (3.2.18) lib/action_dispatch/middleware/request_id.rb:22:in `call'
  rack (1.4.5) lib/rack/methodoverride.rb:21:in `call'
  rack (1.4.5) lib/rack/runtime.rb:17:in `call'
  activesupport (3.2.18) lib/active_support/cache/strategy/local_cache.rb:72:in `call'
  rack (1.4.5) lib/rack/lock.rb:15:in `call'
  actionpack (3.2.18) lib/action_dispatch/middleware/static.rb:63:in `call'
  railties (3.2.18) lib/rails/engine.rb:484:in `call'
  railties (3.2.18) lib/rails/application.rb:231:in `call'
  rack (1.4.5) lib/rack/content_length.rb:14:in `call'
  railties (3.2.18) lib/rails/rack/log_tailer.rb:17:in `call'
  rack (1.4.5) lib/rack/handler/webrick.rb:59:in `service'
  /home/saasbook/.rvm/rubies/ruby-1.9.3-p448/lib/ruby/1.9.1/webrick/httpserver.rb:138:in `service'
  /home/saasbook/.rvm/rubies/ruby-1.9.3-p448/lib/ruby/1.9.1/webrick/httpserver.rb:94:in `run'
  /home/saasbook/.rvm/rubies/ruby-1.9.3-p448/lib/ruby/1.9.1/webrick/server.rb:191:in `block in start_thread'


  Rendered /home/saasbook/.rvm/gems/ruby-1.9.3-p448/gems/actionpack-3.2.18/lib/action_dispatch/middleware/templates/rescues/routing_error.erb within rescues/layout (6.3ms)
Connecting to database specified by database.yml
  [1m[36m (0.3ms)[0m  [1mselect sqlite_version(*)[0m
  [1m[35m (37.6ms)[0m  CREATE TABLE "schema_migrations" ("version" varchar(255) NOT NULL) 
  [1m[36m (16.3ms)[0m  [1mCREATE UNIQUE INDEX "unique_schema_migrations" ON "schema_migrations" ("version")[0m
  [1m[35m (22.7ms)[0m  SELECT "schema_migrations"."version" FROM "schema_migrations" 
Migrating to CreateDepts (20140819155513)
  [1m[36m (0.1ms)[0m  [1mbegin transaction[0m
  [1m[35m (1.0ms)[0m  CREATE TABLE "depts" ("id" INTEGER PRIMARY KEY AUTOINCREMENT NOT NULL, "deptname" varchar(255), "created_at" datetime NOT NULL, "updated_at" datetime NOT NULL) 
  [1m[36m (0.3ms)[0m  [1mINSERT INTO "schema_migrations" ("version") VALUES ('20140819155513')[0m
  [1m[35m (17.1ms)[0m  commit transaction
Migrating to CreateConferencerms (20140819160117)
  [1m[36m (0.2ms)[0m  [1mbegin transaction[0m
  [1m[35m (5.1ms)[0m  CREATE TABLE "conferencerms" ("id" INTEGER PRIMARY KEY AUTOINCREMENT NOT NULL, "number" integer, "created_at" datetime NOT NULL, "updated_at" datetime NOT NULL) 
  [1m[36m (0.3ms)[0m  [1mINSERT INTO "schema_migrations" ("version") VALUES ('20140819160117')[0m
  [1m[35m (29.1ms)[0m  commit transaction
Migrating to CreateCaterers (20140819161406)
  [1m[36m (0.2ms)[0m  [1mbegin transaction[0m
  [1m[35m (0.9ms)[0m  CREATE TABLE "caterers" ("id" INTEGER PRIMARY KEY AUTOINCREMENT NOT NULL, "caterername" varchar(255), "created_at" datetime NOT NULL, "updated_at" datetime NOT NULL) 
  [1m[36m (0.5ms)[0m  [1mINSERT INTO "schema_migrations" ("version") VALUES ('20140819161406')[0m
  [1m[35m (28.1ms)[0m  commit transaction
  [1m[36m (0.3ms)[0m  [1mSELECT "schema_migrations"."version" FROM "schema_migrations" [0m


Started GET "/assets/rails.png" for 127.0.0.1 at 2014-08-19 13:30:14 -0300
Connecting to database specified by database.yml
Served asset /rails.png - 304 Not Modified (10ms)


Started GET "/depts" for 127.0.0.1 at 2014-08-19 13:31:16 -0300
Processing by DeptsController#index as HTML
  [1m[36mDept Load (0.3ms)[0m  [1mSELECT "depts".* FROM "depts" [0m
  Rendered depts/index.html.erb within layouts/application (16.0ms)
Warning. Error encountered while saving cache /home/saasbook/Documents/cater/tmp/cache/sass/884b0bafead4e4f42a7d0e14974a0dcb7f244616/caterers.css.scssc: can't dump anonymous class #<Class:0x926b3a4>
Compiled caterers.css  (36ms)  (pid 2212)
Warning. Error encountered while saving cache /home/saasbook/Documents/cater/tmp/cache/sass/884b0bafead4e4f42a7d0e14974a0dcb7f244616/conferencerms.css.scssc: can't dump anonymous class #<Class:0x926b3a4>
Compiled conferencerms.css  (5ms)  (pid 2212)
Warning. Error encountered while saving cache /home/saasbook/Documents/cater/tmp/cache/sass/884b0bafead4e4f42a7d0e14974a0dcb7f244616/depts.css.scssc: can't dump anonymous class #<Class:0x926b3a4>
Compiled depts.css  (8ms)  (pid 2212)
Warning. Error encountered while saving cache /home/saasbook/Documents/cater/tmp/cache/sass/884b0bafead4e4f42a7d0e14974a0dcb7f244616/scaffolds.css.scssc: can't dump anonymous class #<Class:0x926b3a4>
Compiled scaffolds.css  (41ms)  (pid 2212)
Compiled application.css  (243ms)  (pid 2212)
Compiled jquery.js  (6ms)  (pid 2212)
Compiled jquery_ujs.js  (2ms)  (pid 2212)
Compiled caterers.js  (817ms)  (pid 2212)
Compiled conferencerms.js  (607ms)  (pid 2212)
Compiled depts.js  (576ms)  (pid 2212)
Compiled application.js  (2254ms)  (pid 2212)
Completed 200 OK in 2898.5ms (Views: 2742.0ms | ActiveRecord: 12.3ms)


Started GET "/assets/application.css?body=1" for 127.0.0.1 at 2014-08-19 13:31:19 -0300
Served asset /application.css - 200 OK (87ms)


Started GET "/assets/jquery.js?body=1" for 127.0.0.1 at 2014-08-19 13:31:19 -0300
Served asset /jquery.js - 304 Not Modified (26ms)


Started GET "/assets/scaffolds.css?body=1" for 127.0.0.1 at 2014-08-19 13:31:19 -0300
Served asset /scaffolds.css - 200 OK (34ms)


Started GET "/assets/depts.css?body=1" for 127.0.0.1 at 2014-08-19 13:31:19 -0300
Served asset /depts.css - 200 OK (15ms)


Started GET "/assets/conferencerms.css?body=1" for 127.0.0.1 at 2014-08-19 13:31:19 -0300
Served asset /conferencerms.css - 200 OK (33ms)


Started GET "/assets/caterers.css?body=1" for 127.0.0.1 at 2014-08-19 13:31:19 -0300
Served asset /caterers.css - 200 OK (34ms)


Started GET "/assets/jquery_ujs.js?body=1" for 127.0.0.1 at 2014-08-19 13:31:19 -0300
Served asset /jquery_ujs.js - 304 Not Modified (26ms)


Started GET "/assets/caterers.js?body=1" for 127.0.0.1 at 2014-08-19 13:31:19 -0300
Served asset /caterers.js - 200 OK (22ms)


Started GET "/assets/conferencerms.js?body=1" for 127.0.0.1 at 2014-08-19 13:31:19 -0300
Served asset /conferencerms.js - 200 OK (16ms)


Started GET "/assets/depts.js?body=1" for 127.0.0.1 at 2014-08-19 13:31:19 -0300
Served asset /depts.js - 200 OK (10ms)


Started GET "/assets/application.js?body=1" for 127.0.0.1 at 2014-08-19 13:31:19 -0300
Served asset /application.js - 304 Not Modified (73ms)


Started GET "/depts/new" for 127.0.0.1 at 2014-08-19 13:31:27 -0300
Processing by DeptsController#new as HTML
  Rendered depts/_form.html.erb (110.1ms)
  Rendered depts/new.html.erb within layouts/application (198.6ms)
Completed 200 OK in 231.6ms (Views: 214.9ms | ActiveRecord: 0.0ms)


Started GET "/assets/application.css?body=1" for 127.0.0.1 at 2014-08-19 13:31:27 -0300
Served asset /application.css - 304 Not Modified (13ms)


Started GET "/assets/caterers.css?body=1" for 127.0.0.1 at 2014-08-19 13:31:27 -0300
Served asset /caterers.css - 304 Not Modified (5ms)


Started GET "/assets/conferencerms.css?body=1" for 127.0.0.1 at 2014-08-19 13:31:27 -0300
Served asset /conferencerms.css - 304 Not Modified (0ms)


Started GET "/assets/depts.css?body=1" for 127.0.0.1 at 2014-08-19 13:31:27 -0300
Served asset /depts.css - 304 Not Modified (0ms)


Started GET "/assets/jquery.js?body=1" for 127.0.0.1 at 2014-08-19 13:31:27 -0300
Served asset /jquery.js - 304 Not Modified (11ms)


Started GET "/assets/scaffolds.css?body=1" for 127.0.0.1 at 2014-08-19 13:31:27 -0300
Served asset /scaffolds.css - 304 Not Modified (0ms)


Started GET "/assets/jquery_ujs.js?body=1" for 127.0.0.1 at 2014-08-19 13:31:27 -0300
Served asset /jquery_ujs.js - 304 Not Modified (0ms)


Started GET "/assets/caterers.js?body=1" for 127.0.0.1 at 2014-08-19 13:31:27 -0300
Served asset /caterers.js - 304 Not Modified (8ms)


Started GET "/assets/conferencerms.js?body=1" for 127.0.0.1 at 2014-08-19 13:31:27 -0300
Served asset /conferencerms.js - 304 Not Modified (4ms)


Started GET "/assets/depts.js?body=1" for 127.0.0.1 at 2014-08-19 13:31:27 -0300
Served asset /depts.js - 304 Not Modified (5ms)


Started GET "/assets/application.js?body=1" for 127.0.0.1 at 2014-08-19 13:31:27 -0300
Served asset /application.js - 304 Not Modified (8ms)
Connecting to database specified by database.yml


Started GET "/conferencerms" for 127.0.0.1 at 2014-08-19 13:36:02 -0300
Connecting to database specified by database.yml
Processing by ConferencermsController#index as HTML
  [1m[36mConferencerm Load (0.4ms)[0m  [1mSELECT "conferencerms".* FROM "conferencerms" [0m
  Rendered conferencerms/index.html.erb within layouts/application (15.6ms)
Completed 200 OK in 294.1ms (Views: 166.1ms | ActiveRecord: 8.9ms)


Started GET "/assets/application.css?body=1" for 127.0.0.1 at 2014-08-19 13:36:03 -0300
Served asset /application.css - 304 Not Modified (73ms)


Started GET "/assets/caterers.css?body=1" for 127.0.0.1 at 2014-08-19 13:36:03 -0300
Served asset /caterers.css - 304 Not Modified (15ms)


Started GET "/assets/conferencerms.css?body=1" for 127.0.0.1 at 2014-08-19 13:36:04 -0300
Served asset /conferencerms.css - 304 Not Modified (18ms)


Started GET "/assets/scaffolds.css?body=1" for 127.0.0.1 at 2014-08-19 13:36:04 -0300
Served asset /scaffolds.css - 304 Not Modified (23ms)


Started GET "/assets/depts.css?body=1" for 127.0.0.1 at 2014-08-19 13:36:04 -0300
Served asset /depts.css - 304 Not Modified (21ms)


Started GET "/assets/jquery.js?body=1" for 127.0.0.1 at 2014-08-19 13:36:04 -0300
Served asset /jquery.js - 304 Not Modified (39ms)


Started GET "/assets/jquery_ujs.js?body=1" for 127.0.0.1 at 2014-08-19 13:36:04 -0300
Served asset /jquery_ujs.js - 304 Not Modified (27ms)


Started GET "/assets/caterers.js?body=1" for 127.0.0.1 at 2014-08-19 13:36:04 -0300
Served asset /caterers.js - 304 Not Modified (17ms)


Started GET "/assets/conferencerms.js?body=1" for 127.0.0.1 at 2014-08-19 13:36:04 -0300
Served asset /conferencerms.js - 304 Not Modified (19ms)


Started GET "/assets/depts.js?body=1" for 127.0.0.1 at 2014-08-19 13:36:04 -0300
Served asset /depts.js - 304 Not Modified (13ms)


Started GET "/assets/application.js?body=1" for 127.0.0.1 at 2014-08-19 13:36:04 -0300
Served asset /application.js - 304 Not Modified (92ms)


Started GET "/caterers" for 127.0.0.1 at 2014-08-19 13:39:34 -0300
Processing by CaterersController#index as HTML
  [1m[35mCaterer Load (0.3ms)[0m  SELECT "caterers".* FROM "caterers" 
  Rendered caterers/index.html.erb within layouts/application (3.5ms)
Completed 200 OK in 34.4ms (Views: 27.5ms | ActiveRecord: 1.1ms)


Started GET "/assets/application.css?body=1" for 127.0.0.1 at 2014-08-19 13:39:34 -0300
Served asset /application.css - 304 Not Modified (56ms)


Started GET "/assets/jquery.js?body=1" for 127.0.0.1 at 2014-08-19 13:39:34 -0300
Served asset /jquery.js - 304 Not Modified (22ms)


Started GET "/assets/scaffolds.css?body=1" for 127.0.0.1 at 2014-08-19 13:39:34 -0300
Served asset /scaffolds.css - 304 Not Modified (0ms)


Started GET "/assets/depts.css?body=1" for 127.0.0.1 at 2014-08-19 13:39:34 -0300
Served asset /depts.css - 304 Not Modified (11ms)


Started GET "/assets/conferencerms.css?body=1" for 127.0.0.1 at 2014-08-19 13:39:34 -0300
Served asset /conferencerms.css - 304 Not Modified (0ms)


Started GET "/assets/caterers.css?body=1" for 127.0.0.1 at 2014-08-19 13:39:34 -0300
Served asset /caterers.css - 304 Not Modified (4ms)


Started GET "/assets/jquery_ujs.js?body=1" for 127.0.0.1 at 2014-08-19 13:39:34 -0300
Served asset /jquery_ujs.js - 304 Not Modified (0ms)


Started GET "/assets/caterers.js?body=1" for 127.0.0.1 at 2014-08-19 13:39:34 -0300
Served asset /caterers.js - 304 Not Modified (1ms)


Started GET "/assets/conferencerms.js?body=1" for 127.0.0.1 at 2014-08-19 13:39:34 -0300
Served asset /conferencerms.js - 304 Not Modified (0ms)


Started GET "/assets/depts.js?body=1" for 127.0.0.1 at 2014-08-19 13:39:34 -0300
Served asset /depts.js - 304 Not Modified (0ms)


Started GET "/assets/application.js?body=1" for 127.0.0.1 at 2014-08-19 13:39:34 -0300
Served asset /application.js - 304 Not Modified (15ms)


Started GET "/caterers/new" for 127.0.0.1 at 2014-08-19 13:39:45 -0300
Processing by CaterersController#new as HTML
  Rendered caterers/_form.html.erb (35.0ms)
  Rendered caterers/new.html.erb within layouts/application (56.0ms)
Completed 200 OK in 112.8ms (Views: 80.7ms | ActiveRecord: 0.0ms)


Started GET "/assets/application.css?body=1" for 127.0.0.1 at 2014-08-19 13:39:45 -0300
Served asset /application.css - 304 Not Modified (48ms)


Started GET "/assets/jquery.js?body=1" for 127.0.0.1 at 2014-08-19 13:39:45 -0300
Served asset /jquery.js - 304 Not Modified (9ms)


Started GET "/assets/scaffolds.css?body=1" for 127.0.0.1 at 2014-08-19 13:39:45 -0300
Served asset /scaffolds.css - 304 Not Modified (5ms)


Started GET "/assets/caterers.css?body=1" for 127.0.0.1 at 2014-08-19 13:39:45 -0300
Served asset /caterers.css - 304 Not Modified (21ms)


Started GET "/assets/conferencerms.css?body=1" for 127.0.0.1 at 2014-08-19 13:39:45 -0300
Served asset /conferencerms.css - 304 Not Modified (40ms)


Started GET "/assets/depts.css?body=1" for 127.0.0.1 at 2014-08-19 13:39:45 -0300
Served asset /depts.css - 304 Not Modified (6ms)


Started GET "/assets/jquery_ujs.js?body=1" for 127.0.0.1 at 2014-08-19 13:39:46 -0300
Served asset /jquery_ujs.js - 304 Not Modified (0ms)


Started GET "/assets/caterers.js?body=1" for 127.0.0.1 at 2014-08-19 13:39:46 -0300
Served asset /caterers.js - 304 Not Modified (5ms)


Started GET "/assets/conferencerms.js?body=1" for 127.0.0.1 at 2014-08-19 13:39:46 -0300
Served asset /conferencerms.js - 304 Not Modified (0ms)


Started GET "/assets/depts.js?body=1" for 127.0.0.1 at 2014-08-19 13:39:46 -0300
Served asset /depts.js - 304 Not Modified (5ms)


Started GET "/assets/application.js?body=1" for 127.0.0.1 at 2014-08-19 13:39:46 -0300
Served asset /application.js - 304 Not Modified (18ms)


Started GET "/caterers" for 127.0.0.1 at 2014-08-19 13:39:49 -0300
Processing by CaterersController#index as HTML
  [1m[36mCaterer Load (0.4ms)[0m  [1mSELECT "caterers".* FROM "caterers" [0m
  Rendered caterers/index.html.erb within layouts/application (2.3ms)
Completed 200 OK in 36.1ms (Views: 33.4ms | ActiveRecord: 0.4ms)


Started GET "/assets/application.css?body=1" for 127.0.0.1 at 2014-08-19 13:39:49 -0300
Served asset /application.css - 304 Not Modified (1ms)


Started GET "/assets/depts.css?body=1" for 127.0.0.1 at 2014-08-19 13:39:49 -0300
Served asset /depts.css - 304 Not Modified (39ms)


Started GET "/assets/caterers.css?body=1" for 127.0.0.1 at 2014-08-19 13:39:49 -0300
Served asset /caterers.css - 304 Not Modified (6ms)


Started GET "/assets/conferencerms.css?body=1" for 127.0.0.1 at 2014-08-19 13:39:49 -0300
Served asset /conferencerms.css - 304 Not Modified (3ms)


Started GET "/assets/jquery_ujs.js?body=1" for 127.0.0.1 at 2014-08-19 13:39:49 -0300
Served asset /jquery_ujs.js - 304 Not Modified (9ms)


Started GET "/assets/jquery.js?body=1" for 127.0.0.1 at 2014-08-19 13:39:49 -0300
Served asset /jquery.js - 304 Not Modified (22ms)


Started GET "/assets/scaffolds.css?body=1" for 127.0.0.1 at 2014-08-19 13:39:49 -0300
Served asset /scaffolds.css - 304 Not Modified (0ms)


Started GET "/assets/caterers.js?body=1" for 127.0.0.1 at 2014-08-19 13:39:49 -0300
Served asset /caterers.js - 304 Not Modified (0ms)


Started GET "/assets/conferencerms.js?body=1" for 127.0.0.1 at 2014-08-19 13:39:49 -0300
Served asset /conferencerms.js - 304 Not Modified (0ms)


Started GET "/assets/depts.js?body=1" for 127.0.0.1 at 2014-08-19 13:39:49 -0300
Served asset /depts.js - 304 Not Modified (0ms)


Started GET "/assets/application.js?body=1" for 127.0.0.1 at 2014-08-19 13:39:49 -0300
Served asset /application.js - 304 Not Modified (7ms)


Started GET "/caterers/new" for 127.0.0.1 at 2014-08-19 13:39:51 -0300
Processing by CaterersController#new as HTML
  Rendered caterers/_form.html.erb (4.5ms)
  Rendered caterers/new.html.erb within layouts/application (7.5ms)
Completed 200 OK in 46.5ms (Views: 40.2ms | ActiveRecord: 0.0ms)


Started GET "/assets/application.css?body=1" for 127.0.0.1 at 2014-08-19 13:39:52 -0300
Served asset /application.css - 304 Not Modified (148ms)


Started GET "/assets/conferencerms.css?body=1" for 127.0.0.1 at 2014-08-19 13:39:52 -0300
Served asset /conferencerms.css - 304 Not Modified (7ms)


Started GET "/assets/scaffolds.css?body=1" for 127.0.0.1 at 2014-08-19 13:39:52 -0300
Served asset /scaffolds.css - 304 Not Modified (4ms)


Started GET "/assets/depts.css?body=1" for 127.0.0.1 at 2014-08-19 13:39:52 -0300
Served asset /depts.css - 304 Not Modified (26ms)


Started GET "/assets/jquery.js?body=1" for 127.0.0.1 at 2014-08-19 13:39:52 -0300
Served asset /jquery.js - 304 Not Modified (17ms)


Started GET "/assets/caterers.css?body=1" for 127.0.0.1 at 2014-08-19 13:39:52 -0300
Served asset /caterers.css - 304 Not Modified (9ms)


Started GET "/assets/jquery_ujs.js?body=1" for 127.0.0.1 at 2014-08-19 13:39:52 -0300
Served asset /jquery_ujs.js - 304 Not Modified (0ms)


Started GET "/assets/caterers.js?body=1" for 127.0.0.1 at 2014-08-19 13:39:52 -0300
Served asset /caterers.js - 304 Not Modified (0ms)


Started GET "/assets/conferencerms.js?body=1" for 127.0.0.1 at 2014-08-19 13:39:52 -0300
Served asset /conferencerms.js - 304 Not Modified (1ms)


Started GET "/assets/depts.js?body=1" for 127.0.0.1 at 2014-08-19 13:39:52 -0300
Served asset /depts.js - 304 Not Modified (8ms)


Started GET "/assets/application.js?body=1" for 127.0.0.1 at 2014-08-19 13:39:52 -0300
Served asset /application.js - 304 Not Modified (11ms)


Started POST "/caterers" for 127.0.0.1 at 2014-08-19 13:39:59 -0300
Processing by CaterersController#create as HTML
  Parameters: {"utf8"=>"✓", "authenticity_token"=>"thkMo5fyhadpB1oiyi5yWty4eYHwI5Odp7K+DEyo734=", "caterer"=>{"caterername"=>"Zestys"}, "commit"=>"Create Caterer"}
  [1m[35m (0.2ms)[0m  begin transaction
  [1m[36mSQL (90.4ms)[0m  [1mINSERT INTO "caterers" ("caterername", "created_at", "updated_at") VALUES (?, ?, ?)[0m  [["caterername", "Zestys"], ["created_at", Tue, 19 Aug 2014 16:39:59 UTC +00:00], ["updated_at", Tue, 19 Aug 2014 16:39:59 UTC +00:00]]
  [1m[35m (30.5ms)[0m  commit transaction
Redirected to http://localhost:3000/caterers/1
Completed 302 Found in 136.1ms (ActiveRecord: 121.1ms)


Started GET "/caterers/1" for 127.0.0.1 at 2014-08-19 13:39:59 -0300
Processing by CaterersController#show as HTML
  Parameters: {"id"=>"1"}
  [1m[36mCaterer Load (0.6ms)[0m  [1mSELECT "caterers".* FROM "caterers" WHERE "caterers"."id" = ? LIMIT 1[0m  [["id", "1"]]
  Rendered caterers/show.html.erb within layouts/application (5.1ms)
Completed 200 OK in 34.2ms (Views: 27.2ms | ActiveRecord: 0.6ms)


Started GET "/assets/application.css?body=1" for 127.0.0.1 at 2014-08-19 13:39:59 -0300
Served asset /application.css - 304 Not Modified (8ms)


Started GET "/assets/jquery.js?body=1" for 127.0.0.1 at 2014-08-19 13:39:59 -0300
Served asset /jquery.js - 304 Not Modified (16ms)


Started GET "/assets/scaffolds.css?body=1" for 127.0.0.1 at 2014-08-19 13:39:59 -0300
Served asset /scaffolds.css - 304 Not Modified (0ms)


Started GET "/assets/depts.css?body=1" for 127.0.0.1 at 2014-08-19 13:39:59 -0300
Served asset /depts.css - 304 Not Modified (5ms)


Started GET "/assets/conferencerms.css?body=1" for 127.0.0.1 at 2014-08-19 13:40:00 -0300
Served asset /conferencerms.css - 304 Not Modified (0ms)


Started GET "/assets/caterers.css?body=1" for 127.0.0.1 at 2014-08-19 13:40:00 -0300
Served asset /caterers.css - 304 Not Modified (0ms)


Started GET "/assets/jquery_ujs.js?body=1" for 127.0.0.1 at 2014-08-19 13:40:00 -0300
Served asset /jquery_ujs.js - 304 Not Modified (6ms)


Started GET "/assets/caterers.js?body=1" for 127.0.0.1 at 2014-08-19 13:40:00 -0300
Served asset /caterers.js - 304 Not Modified (0ms)


Started GET "/assets/conferencerms.js?body=1" for 127.0.0.1 at 2014-08-19 13:40:00 -0300
Served asset /conferencerms.js - 304 Not Modified (5ms)


Started GET "/assets/depts.js?body=1" for 127.0.0.1 at 2014-08-19 13:40:00 -0300
Served asset /depts.js - 304 Not Modified (0ms)


Started GET "/assets/application.js?body=1" for 127.0.0.1 at 2014-08-19 13:40:00 -0300
Served asset /application.js - 304 Not Modified (13ms)


Started GET "/caterers/1/edit" for 127.0.0.1 at 2014-08-19 13:40:04 -0300
Processing by CaterersController#edit as HTML
  Parameters: {"id"=>"1"}
  [1m[35mCaterer Load (0.3ms)[0m  SELECT "caterers".* FROM "caterers" WHERE "caterers"."id" = ? LIMIT 1  [["id", "1"]]
  Rendered caterers/_form.html.erb (6.2ms)
  Rendered caterers/edit.html.erb within layouts/application (12.6ms)
Completed 200 OK in 103.2ms (Views: 94.2ms | ActiveRecord: 0.3ms)


Started GET "/assets/application.css?body=1" for 127.0.0.1 at 2014-08-19 13:40:04 -0300
Served asset /application.css - 304 Not Modified (50ms)


Started GET "/assets/jquery.js?body=1" for 127.0.0.1 at 2014-08-19 13:40:04 -0300
Served asset /jquery.js - 304 Not Modified (8ms)


Started GET "/assets/scaffolds.css?body=1" for 127.0.0.1 at 2014-08-19 13:40:04 -0300
Served asset /scaffolds.css - 304 Not Modified (5ms)


Started GET "/assets/depts.css?body=1" for 127.0.0.1 at 2014-08-19 13:40:04 -0300
Served asset /depts.css - 304 Not Modified (28ms)


Started GET "/assets/conferencerms.css?body=1" for 127.0.0.1 at 2014-08-19 13:40:04 -0300
Served asset /conferencerms.css - 304 Not Modified (17ms)


Started GET "/assets/caterers.css?body=1" for 127.0.0.1 at 2014-08-19 13:40:04 -0300
Served asset /caterers.css - 304 Not Modified (3ms)


Started GET "/assets/jquery_ujs.js?body=1" for 127.0.0.1 at 2014-08-19 13:40:04 -0300
Served asset /jquery_ujs.js - 304 Not Modified (0ms)


Started GET "/assets/caterers.js?body=1" for 127.0.0.1 at 2014-08-19 13:40:04 -0300
Served asset /caterers.js - 304 Not Modified (1ms)


Started GET "/assets/conferencerms.js?body=1" for 127.0.0.1 at 2014-08-19 13:40:04 -0300
Served asset /conferencerms.js - 304 Not Modified (0ms)


Started GET "/assets/depts.js?body=1" for 127.0.0.1 at 2014-08-19 13:40:04 -0300
Served asset /depts.js - 304 Not Modified (1ms)


Started GET "/assets/application.js?body=1" for 127.0.0.1 at 2014-08-19 13:40:04 -0300
Served asset /application.js - 304 Not Modified (13ms)


Started GET "/caterers/1" for 127.0.0.1 at 2014-08-19 13:40:11 -0300
Processing by CaterersController#show as HTML
  Parameters: {"id"=>"1"}
  [1m[36mCaterer Load (0.3ms)[0m  [1mSELECT "caterers".* FROM "caterers" WHERE "caterers"."id" = ? LIMIT 1[0m  [["id", "1"]]
  Rendered caterers/show.html.erb within layouts/application (1.9ms)
Completed 200 OK in 31.1ms (Views: 27.0ms | ActiveRecord: 0.3ms)


Started GET "/assets/application.css?body=1" for 127.0.0.1 at 2014-08-19 13:40:11 -0300
Served asset /application.css - 304 Not Modified (53ms)


Started GET "/assets/jquery.js?body=1" for 127.0.0.1 at 2014-08-19 13:40:11 -0300
Served asset /jquery.js - 304 Not Modified (12ms)


Started GET "/assets/scaffolds.css?body=1" for 127.0.0.1 at 2014-08-19 13:40:11 -0300
Served asset /scaffolds.css - 304 Not Modified (0ms)


Started GET "/assets/depts.css?body=1" for 127.0.0.1 at 2014-08-19 13:40:11 -0300
Served asset /depts.css - 304 Not Modified (13ms)


Started GET "/assets/caterers.css?body=1" for 127.0.0.1 at 2014-08-19 13:40:11 -0300
Served asset /caterers.css - 304 Not Modified (10ms)


Started GET "/assets/conferencerms.css?body=1" for 127.0.0.1 at 2014-08-19 13:40:11 -0300
Served asset /conferencerms.css - 304 Not Modified (0ms)


Started GET "/assets/jquery_ujs.js?body=1" for 127.0.0.1 at 2014-08-19 13:40:11 -0300
Served asset /jquery_ujs.js - 304 Not Modified (30ms)


Started GET "/assets/caterers.js?body=1" for 127.0.0.1 at 2014-08-19 13:40:11 -0300
Served asset /caterers.js - 304 Not Modified (0ms)


Started GET "/assets/conferencerms.js?body=1" for 127.0.0.1 at 2014-08-19 13:40:11 -0300
Served asset /conferencerms.js - 304 Not Modified (3ms)


Started GET "/assets/application.js?body=1" for 127.0.0.1 at 2014-08-19 13:40:11 -0300
Served asset /application.js - 304 Not Modified (9ms)


Started GET "/assets/depts.js?body=1" for 127.0.0.1 at 2014-08-19 13:40:11 -0300
Served asset /depts.js - 304 Not Modified (0ms)


Started GET "/caterers" for 127.0.0.1 at 2014-08-19 13:40:15 -0300
Processing by CaterersController#index as HTML
  [1m[35mCaterer Load (0.2ms)[0m  SELECT "caterers".* FROM "caterers" 
  Rendered caterers/index.html.erb within layouts/application (3.6ms)
Completed 200 OK in 77.8ms (Views: 71.6ms | ActiveRecord: 0.2ms)


Started GET "/assets/application.css?body=1" for 127.0.0.1 at 2014-08-19 13:40:15 -0300
Served asset /application.css - 304 Not Modified (5ms)


Started GET "/assets/jquery.js?body=1" for 127.0.0.1 at 2014-08-19 13:40:15 -0300
Served asset /jquery.js - 304 Not Modified (27ms)


Started GET "/assets/scaffolds.css?body=1" for 127.0.0.1 at 2014-08-19 13:40:15 -0300
Served asset /scaffolds.css - 304 Not Modified (19ms)


Started GET "/assets/caterers.css?body=1" for 127.0.0.1 at 2014-08-19 13:40:15 -0300
Served asset /caterers.css - 304 Not Modified (22ms)


Started GET "/assets/conferencerms.css?body=1" for 127.0.0.1 at 2014-08-19 13:40:15 -0300
Served asset /conferencerms.css - 304 Not Modified (7ms)


Started GET "/assets/depts.css?body=1" for 127.0.0.1 at 2014-08-19 13:40:15 -0300
Served asset /depts.css - 304 Not Modified (23ms)


Started GET "/assets/jquery_ujs.js?body=1" for 127.0.0.1 at 2014-08-19 13:40:15 -0300
Served asset /jquery_ujs.js - 304 Not Modified (0ms)


Started GET "/assets/caterers.js?body=1" for 127.0.0.1 at 2014-08-19 13:40:15 -0300
Served asset /caterers.js - 304 Not Modified (14ms)


Started GET "/assets/conferencerms.js?body=1" for 127.0.0.1 at 2014-08-19 13:40:15 -0300
Served asset /conferencerms.js - 304 Not Modified (6ms)


Started GET "/assets/depts.js?body=1" for 127.0.0.1 at 2014-08-19 13:40:15 -0300
Served asset /depts.js - 304 Not Modified (0ms)


Started GET "/assets/application.js?body=1" for 127.0.0.1 at 2014-08-19 13:40:15 -0300
Served asset /application.js - 304 Not Modified (12ms)


Started GET "/depts" for 127.0.0.1 at 2014-08-19 13:46:23 -0300
Connecting to database specified by database.yml
Processing by DeptsController#index as HTML
  [1m[36mDept Load (0.2ms)[0m  [1mSELECT "depts".* FROM "depts" [0m
  Rendered depts/index.html.erb within layouts/application (14.8ms)
Compiled application.css  (5ms)  (pid 2538)
Completed 200 OK in 316.9ms (Views: 182.7ms | ActiveRecord: 8.3ms)


Started GET "/assets/application.css?body=1" for 127.0.0.1 at 2014-08-19 13:46:25 -0300
Served asset /application.css - 200 OK (70ms)


Started GET "/assets/caterers.css?body=1" for 127.0.0.1 at 2014-08-19 13:46:25 -0300
Served asset /caterers.css - 304 Not Modified (29ms)


Started GET "/assets/conferencerms.css?body=1" for 127.0.0.1 at 2014-08-19 13:46:25 -0300
Served asset /conferencerms.css - 304 Not Modified (18ms)


Started GET "/assets/jquery.js?body=1" for 127.0.0.1 at 2014-08-19 13:46:25 -0300
Served asset /jquery.js - 304 Not Modified (42ms)


Started GET "/assets/scaffolds.css?body=1" for 127.0.0.1 at 2014-08-19 13:46:25 -0300
Served asset /scaffolds.css - 304 Not Modified (24ms)


Started GET "/assets/depts.css?body=1" for 127.0.0.1 at 2014-08-19 13:46:25 -0300
Served asset /depts.css - 304 Not Modified (20ms)


Started GET "/assets/jquery_ujs.js?body=1" for 127.0.0.1 at 2014-08-19 13:46:25 -0300
Served asset /jquery_ujs.js - 304 Not Modified (25ms)


Started GET "/assets/caterers.js?body=1" for 127.0.0.1 at 2014-08-19 13:46:25 -0300
Served asset /caterers.js - 304 Not Modified (27ms)


Started GET "/assets/conferencerms.js?body=1" for 127.0.0.1 at 2014-08-19 13:46:25 -0300
Served asset /conferencerms.js - 304 Not Modified (32ms)


Started GET "/assets/depts.js?body=1" for 127.0.0.1 at 2014-08-19 13:46:25 -0300
Served asset /depts.js - 304 Not Modified (12ms)


Started GET "/assets/application.js?body=1" for 127.0.0.1 at 2014-08-19 13:46:25 -0300
Served asset /application.js - 304 Not Modified (86ms)


Started GET "/conferencerms" for 127.0.0.1 at 2014-08-19 13:46:43 -0300
Processing by ConferencermsController#index as HTML
  [1m[35mConferencerm Load (0.3ms)[0m  SELECT "conferencerms".* FROM "conferencerms" 
  Rendered conferencerms/index.html.erb within layouts/application (3.3ms)
Completed 200 OK in 40.4ms (Views: 33.1ms | ActiveRecord: 1.0ms)


Started GET "/assets/application.css?body=1" for 127.0.0.1 at 2014-08-19 13:46:43 -0300
Served asset /application.css - 304 Not Modified (46ms)


Started GET "/assets/jquery.js?body=1" for 127.0.0.1 at 2014-08-19 13:46:43 -0300
Served asset /jquery.js - 304 Not Modified (39ms)


Started GET "/assets/scaffolds.css?body=1" for 127.0.0.1 at 2014-08-19 13:46:43 -0300
Served asset /scaffolds.css - 304 Not Modified (0ms)


Started GET "/assets/depts.css?body=1" for 127.0.0.1 at 2014-08-19 13:46:43 -0300
Served asset /depts.css - 304 Not Modified (99ms)


Started GET "/assets/caterers.css?body=1" for 127.0.0.1 at 2014-08-19 13:46:43 -0300
Served asset /caterers.css - 304 Not Modified (7ms)


Started GET "/assets/conferencerms.css?body=1" for 127.0.0.1 at 2014-08-19 13:46:43 -0300
Served asset /conferencerms.css - 304 Not Modified (6ms)


Started GET "/assets/jquery_ujs.js?body=1" for 127.0.0.1 at 2014-08-19 13:46:43 -0300
Served asset /jquery_ujs.js - 304 Not Modified (1ms)


Started GET "/assets/caterers.js?body=1" for 127.0.0.1 at 2014-08-19 13:46:43 -0300
Served asset /caterers.js - 304 Not Modified (0ms)


Started GET "/assets/conferencerms.js?body=1" for 127.0.0.1 at 2014-08-19 13:46:43 -0300
Served asset /conferencerms.js - 304 Not Modified (0ms)


Started GET "/assets/depts.js?body=1" for 127.0.0.1 at 2014-08-19 13:46:43 -0300
Served asset /depts.js - 304 Not Modified (14ms)


Started GET "/assets/application.js?body=1" for 127.0.0.1 at 2014-08-19 13:46:43 -0300
Served asset /application.js - 304 Not Modified (5ms)


Started GET "/caterers" for 127.0.0.1 at 2014-08-19 13:47:04 -0300
Processing by CaterersController#index as HTML
  [1m[36mCaterer Load (0.4ms)[0m  [1mSELECT "caterers".* FROM "caterers" [0m
  Rendered caterers/index.html.erb within layouts/application (8.5ms)
Completed 200 OK in 75.0ms (Views: 47.6ms | ActiveRecord: 1.3ms)


Started GET "/assets/application.css?body=1" for 127.0.0.1 at 2014-08-19 13:47:04 -0300
Served asset /application.css - 304 Not Modified (45ms)


Started GET "/assets/jquery.js?body=1" for 127.0.0.1 at 2014-08-19 13:47:04 -0300
Served asset /jquery.js - 304 Not Modified (16ms)


Started GET "/assets/scaffolds.css?body=1" for 127.0.0.1 at 2014-08-19 13:47:04 -0300
Served asset /scaffolds.css - 304 Not Modified (6ms)


Started GET "/assets/depts.css?body=1" for 127.0.0.1 at 2014-08-19 13:47:04 -0300
Served asset /depts.css - 304 Not Modified (28ms)


Started GET "/assets/conferencerms.css?body=1" for 127.0.0.1 at 2014-08-19 13:47:04 -0300
Served asset /conferencerms.css - 304 Not Modified (0ms)


Started GET "/assets/caterers.css?body=1" for 127.0.0.1 at 2014-08-19 13:47:04 -0300
Served asset /caterers.css - 304 Not Modified (8ms)


Started GET "/assets/jquery_ujs.js?body=1" for 127.0.0.1 at 2014-08-19 13:47:04 -0300
Served asset /jquery_ujs.js - 304 Not Modified (0ms)


Started GET "/assets/caterers.js?body=1" for 127.0.0.1 at 2014-08-19 13:47:04 -0300
Served asset /caterers.js - 304 Not Modified (0ms)


Started GET "/assets/conferencerms.js?body=1" for 127.0.0.1 at 2014-08-19 13:47:04 -0300
Served asset /conferencerms.js - 304 Not Modified (16ms)


Started GET "/assets/depts.js?body=1" for 127.0.0.1 at 2014-08-19 13:47:04 -0300
Served asset /depts.js - 304 Not Modified (1ms)


Started GET "/assets/application.js?body=1" for 127.0.0.1 at 2014-08-19 13:47:04 -0300
Served asset /application.js - 304 Not Modified (17ms)


Started GET "/caterers" for 127.0.0.1 at 2014-08-19 13:47:56 -0300
Processing by CaterersController#index as HTML
  [1m[35mCaterer Load (0.5ms)[0m  SELECT "caterers".* FROM "caterers" 
  Rendered caterers/index.html.erb within layouts/application (17.1ms)
Compiled application.css  (9ms)  (pid 2538)
Completed 200 OK in 124.9ms (Views: 117.9ms | ActiveRecord: 0.5ms)


Started GET "/assets/application.css?body=1" for 127.0.0.1 at 2014-08-19 13:47:56 -0300
Served asset /application.css - 200 OK (92ms)


Started GET "/assets/jquery.js?body=1" for 127.0.0.1 at 2014-08-19 13:47:56 -0300
Served asset /jquery.js - 304 Not Modified (30ms)


Started GET "/assets/scaffolds.css?body=1" for 127.0.0.1 at 2014-08-19 13:47:56 -0300
Served asset /scaffolds.css - 304 Not Modified (6ms)


Started GET "/assets/depts.css?body=1" for 127.0.0.1 at 2014-08-19 13:47:56 -0300
Served asset /depts.css - 304 Not Modified (7ms)


Started GET "/assets/conferencerms.css?body=1" for 127.0.0.1 at 2014-08-19 13:47:56 -0300
Served asset /conferencerms.css - 304 Not Modified (6ms)


Started GET "/assets/caterers.css?body=1" for 127.0.0.1 at 2014-08-19 13:47:57 -0300
Served asset /caterers.css - 304 Not Modified (6ms)


Started GET "/assets/jquery_ujs.js?body=1" for 127.0.0.1 at 2014-08-19 13:47:57 -0300
Served asset /jquery_ujs.js - 304 Not Modified (3ms)


Started GET "/assets/caterers.js?body=1" for 127.0.0.1 at 2014-08-19 13:47:57 -0300
Served asset /caterers.js - 304 Not Modified (9ms)


Started GET "/assets/conferencerms.js?body=1" for 127.0.0.1 at 2014-08-19 13:47:57 -0300
Served asset /conferencerms.js - 304 Not Modified (0ms)


Started GET "/assets/depts.js?body=1" for 127.0.0.1 at 2014-08-19 13:47:57 -0300
Served asset /depts.js - 304 Not Modified (0ms)


Started GET "/assets/application.js?body=1" for 127.0.0.1 at 2014-08-19 13:47:57 -0300
Served asset /application.js - 304 Not Modified (15ms)


Started GET "/conferencerms" for 127.0.0.1 at 2014-08-19 13:48:05 -0300
Processing by ConferencermsController#index as HTML
  [1m[36mConferencerm Load (0.4ms)[0m  [1mSELECT "conferencerms".* FROM "conferencerms" [0m
  Rendered conferencerms/index.html.erb within layouts/application (1.5ms)
Completed 200 OK in 43.1ms (Views: 35.2ms | ActiveRecord: 0.4ms)


Started GET "/assets/application.css?body=1" for 127.0.0.1 at 2014-08-19 13:48:05 -0300
Served asset /application.css - 304 Not Modified (65ms)


Started GET "/assets/jquery.js?body=1" for 127.0.0.1 at 2014-08-19 13:48:05 -0300
Served asset /jquery.js - 304 Not Modified (11ms)


Started GET "/assets/scaffolds.css?body=1" for 127.0.0.1 at 2014-08-19 13:48:05 -0300
Served asset /scaffolds.css - 304 Not Modified (102ms)


Started GET "/assets/depts.css?body=1" for 127.0.0.1 at 2014-08-19 13:48:05 -0300
Served asset /depts.css - 304 Not Modified (21ms)


Started GET "/assets/caterers.css?body=1" for 127.0.0.1 at 2014-08-19 13:48:05 -0300
Served asset /caterers.css - 304 Not Modified (17ms)


Started GET "/assets/conferencerms.css?body=1" for 127.0.0.1 at 2014-08-19 13:48:05 -0300
Served asset /conferencerms.css - 304 Not Modified (18ms)


Started GET "/assets/jquery_ujs.js?body=1" for 127.0.0.1 at 2014-08-19 13:48:05 -0300
Served asset /jquery_ujs.js - 304 Not Modified (10ms)


Started GET "/assets/caterers.js?body=1" for 127.0.0.1 at 2014-08-19 13:48:05 -0300
Served asset /caterers.js - 304 Not Modified (2ms)


Started GET "/assets/conferencerms.js?body=1" for 127.0.0.1 at 2014-08-19 13:48:05 -0300
Served asset /conferencerms.js - 304 Not Modified (8ms)


Started GET "/assets/depts.js?body=1" for 127.0.0.1 at 2014-08-19 13:48:05 -0300
Served asset /depts.js - 304 Not Modified (5ms)


Started GET "/assets/application.js?body=1" for 127.0.0.1 at 2014-08-19 13:48:05 -0300
Served asset /application.js - 304 Not Modified (11ms)


Started GET "/conferencerms" for 127.0.0.1 at 2014-08-19 13:48:10 -0300
Processing by ConferencermsController#index as HTML
  [1m[35mConferencerm Load (0.4ms)[0m  SELECT "conferencerms".* FROM "conferencerms" 
  Rendered conferencerms/index.html.erb within layouts/application (1.1ms)
Completed 200 OK in 55.4ms (Views: 48.0ms | ActiveRecord: 0.4ms)


Started GET "/assets/application.css?body=1" for 127.0.0.1 at 2014-08-19 13:48:10 -0300
Served asset /application.css - 304 Not Modified (4ms)


Started GET "/assets/depts.css?body=1" for 127.0.0.1 at 2014-08-19 13:48:10 -0300
Served asset /depts.css - 304 Not Modified (18ms)


Started GET "/assets/jquery.js?body=1" for 127.0.0.1 at 2014-08-19 13:48:10 -0300
Served asset /jquery.js - 304 Not Modified (38ms)


Started GET "/assets/scaffolds.css?body=1" for 127.0.0.1 at 2014-08-19 13:48:10 -0300
Served asset /scaffolds.css - 304 Not Modified (0ms)


Started GET "/assets/caterers.css?body=1" for 127.0.0.1 at 2014-08-19 13:48:10 -0300
Served asset /caterers.css - 304 Not Modified (22ms)


Started GET "/assets/conferencerms.css?body=1" for 127.0.0.1 at 2014-08-19 13:48:10 -0300
Served asset /conferencerms.css - 304 Not Modified (24ms)


Started GET "/assets/jquery_ujs.js?body=1" for 127.0.0.1 at 2014-08-19 13:48:10 -0300
Served asset /jquery_ujs.js - 304 Not Modified (12ms)


Started GET "/assets/caterers.js?body=1" for 127.0.0.1 at 2014-08-19 13:48:10 -0300
Served asset /caterers.js - 304 Not Modified (0ms)


Started GET "/assets/conferencerms.js?body=1" for 127.0.0.1 at 2014-08-19 13:48:10 -0300
Served asset /conferencerms.js - 304 Not Modified (0ms)


Started GET "/assets/depts.js?body=1" for 127.0.0.1 at 2014-08-19 13:48:10 -0300
Served asset /depts.js - 304 Not Modified (17ms)


Started GET "/assets/application.js?body=1" for 127.0.0.1 at 2014-08-19 13:48:10 -0300
Served asset /application.js - 304 Not Modified (12ms)


Started GET "/depts" for 127.0.0.1 at 2014-08-19 13:48:18 -0300
Processing by DeptsController#index as HTML
  [1m[36mDept Load (0.4ms)[0m  [1mSELECT "depts".* FROM "depts" [0m
  Rendered depts/index.html.erb within layouts/application (7.5ms)
Completed 200 OK in 43.4ms (Views: 32.8ms | ActiveRecord: 0.4ms)


Started GET "/assets/application.css?body=1" for 127.0.0.1 at 2014-08-19 13:48:18 -0300
Served asset /application.css - 304 Not Modified (12ms)


Started GET "/assets/jquery.js?body=1" for 127.0.0.1 at 2014-08-19 13:48:18 -0300
Served asset /jquery.js - 304 Not Modified (33ms)


Started GET "/assets/scaffolds.css?body=1" for 127.0.0.1 at 2014-08-19 13:48:18 -0300
Served asset /scaffolds.css - 304 Not Modified (11ms)


Started GET "/assets/depts.css?body=1" for 127.0.0.1 at 2014-08-19 13:48:18 -0300
Served asset /depts.css - 304 Not Modified (7ms)


Started GET "/assets/conferencerms.css?body=1" for 127.0.0.1 at 2014-08-19 13:48:18 -0300
Served asset /conferencerms.css - 304 Not Modified (4ms)


Started GET "/assets/caterers.css?body=1" for 127.0.0.1 at 2014-08-19 13:48:18 -0300
Served asset /caterers.css - 304 Not Modified (25ms)


Started GET "/assets/jquery_ujs.js?body=1" for 127.0.0.1 at 2014-08-19 13:48:18 -0300
Served asset /jquery_ujs.js - 304 Not Modified (18ms)


Started GET "/assets/caterers.js?body=1" for 127.0.0.1 at 2014-08-19 13:48:18 -0300
Served asset /caterers.js - 304 Not Modified (1ms)


Started GET "/assets/conferencerms.js?body=1" for 127.0.0.1 at 2014-08-19 13:48:18 -0300
Served asset /conferencerms.js - 304 Not Modified (0ms)


Started GET "/assets/depts.js?body=1" for 127.0.0.1 at 2014-08-19 13:48:18 -0300
Served asset /depts.js - 304 Not Modified (1ms)


Started GET "/assets/application.js?body=1" for 127.0.0.1 at 2014-08-19 13:48:18 -0300
Served asset /application.js - 304 Not Modified (8ms)


Started GET "/depts" for 127.0.0.1 at 2014-08-19 13:48:45 -0300
Processing by DeptsController#index as HTML
  [1m[35mDept Load (0.3ms)[0m  SELECT "depts".* FROM "depts" 
  Rendered depts/index.html.erb within layouts/application (0.6ms)
Compiled application.css  (6ms)  (pid 2538)
Completed 200 OK in 90.6ms (Views: 84.0ms | ActiveRecord: 0.3ms)


Started GET "/assets/application.css?body=1" for 127.0.0.1 at 2014-08-19 13:48:46 -0300
Served asset /application.css - 200 OK (74ms)


Started GET "/assets/caterers.css?body=1" for 127.0.0.1 at 2014-08-19 13:48:46 -0300
Served asset /caterers.css - 304 Not Modified (13ms)


Started GET "/assets/jquery.js?body=1" for 127.0.0.1 at 2014-08-19 13:48:46 -0300
Served asset /jquery.js - 304 Not Modified (13ms)


Started GET "/assets/scaffolds.css?body=1" for 127.0.0.1 at 2014-08-19 13:48:46 -0300
Served asset /scaffolds.css - 304 Not Modified (10ms)


Started GET "/assets/depts.css?body=1" for 127.0.0.1 at 2014-08-19 13:48:46 -0300
Served asset /depts.css - 304 Not Modified (0ms)


Started GET "/assets/conferencerms.css?body=1" for 127.0.0.1 at 2014-08-19 13:48:46 -0300
Served asset /conferencerms.css - 304 Not Modified (19ms)


Started GET "/assets/jquery_ujs.js?body=1" for 127.0.0.1 at 2014-08-19 13:48:46 -0300
Served asset /jquery_ujs.js - 304 Not Modified (10ms)


Started GET "/assets/caterers.js?body=1" for 127.0.0.1 at 2014-08-19 13:48:46 -0300
Served asset /caterers.js - 304 Not Modified (0ms)


Started GET "/assets/conferencerms.js?body=1" for 127.0.0.1 at 2014-08-19 13:48:46 -0300
Served asset /conferencerms.js - 304 Not Modified (10ms)


Started GET "/assets/depts.js?body=1" for 127.0.0.1 at 2014-08-19 13:48:46 -0300
Served asset /depts.js - 304 Not Modified (0ms)


Started GET "/assets/application.js?body=1" for 127.0.0.1 at 2014-08-19 13:48:46 -0300
Served asset /application.js - 304 Not Modified (8ms)


Started GET "/depts/new" for 127.0.0.1 at 2014-08-19 13:59:40 -0300
Processing by DeptsController#new as HTML
  Rendered depts/_form.html.erb (46.6ms)
  Rendered depts/new.html.erb within layouts/application (65.8ms)
Completed 200 OK in 156.4ms (Views: 117.9ms | ActiveRecord: 0.0ms)


Started GET "/assets/application.css?body=1" for 127.0.0.1 at 2014-08-19 13:59:40 -0300
Served asset /application.css - 304 Not Modified (40ms)


Started GET "/assets/depts.css?body=1" for 127.0.0.1 at 2014-08-19 13:59:40 -0300
Served asset /depts.css - 304 Not Modified (13ms)


Started GET "/assets/conferencerms.css?body=1" for 127.0.0.1 at 2014-08-19 13:59:40 -0300
Served asset /conferencerms.css - 304 Not Modified (0ms)


Started GET "/assets/caterers.css?body=1" for 127.0.0.1 at 2014-08-19 13:59:40 -0300
Served asset /caterers.css - 304 Not Modified (29ms)


Started GET "/assets/scaffolds.css?body=1" for 127.0.0.1 at 2014-08-19 13:59:40 -0300
Served asset /scaffolds.css - 304 Not Modified (0ms)


Started GET "/assets/jquery.js?body=1" for 127.0.0.1 at 2014-08-19 13:59:40 -0300
Served asset /jquery.js - 304 Not Modified (7ms)


Started GET "/assets/jquery_ujs.js?body=1" for 127.0.0.1 at 2014-08-19 13:59:40 -0300
Served asset /jquery_ujs.js - 304 Not Modified (1ms)


Started GET "/assets/caterers.js?body=1" for 127.0.0.1 at 2014-08-19 13:59:40 -0300
Served asset /caterers.js - 304 Not Modified (0ms)


Started GET "/assets/conferencerms.js?body=1" for 127.0.0.1 at 2014-08-19 13:59:40 -0300
Served asset /conferencerms.js - 304 Not Modified (0ms)


Started GET "/assets/application.js?body=1" for 127.0.0.1 at 2014-08-19 13:59:40 -0300
Served asset /application.js - 304 Not Modified (22ms)


Started GET "/assets/depts.js?body=1" for 127.0.0.1 at 2014-08-19 13:59:40 -0300
Served asset /depts.js - 304 Not Modified (0ms)
Connecting to database specified by database.yml


Started GET "/depts" for 127.0.0.1 at 2014-08-22 17:36:36 -0300
Connecting to database specified by database.yml
Processing by DeptsController#index as HTML
  [1m[36mDept Load (0.1ms)[0m  [1mSELECT "depts".* FROM "depts" [0m
  Rendered depts/index.html.erb within layouts/application (4.5ms)
Completed 200 OK in 338.7ms (Views: 222.9ms | ActiveRecord: 7.9ms)


Started GET "/assets/application.css?body=1" for 127.0.0.1 at 2014-08-22 17:36:37 -0300
Served asset /application.css - 200 OK (66ms)


Started GET "/assets/caterers.css?body=1" for 127.0.0.1 at 2014-08-22 17:36:37 -0300
Served asset /caterers.css - 200 OK (21ms)


Started GET "/assets/conferencerms.css?body=1" for 127.0.0.1 at 2014-08-22 17:36:37 -0300
Served asset /conferencerms.css - 200 OK (5ms)


Started GET "/assets/jquery.js?body=1" for 127.0.0.1 at 2014-08-22 17:36:37 -0300
Served asset /jquery.js - 200 OK (7ms)


Started GET "/assets/scaffolds.css?body=1" for 127.0.0.1 at 2014-08-22 17:36:37 -0300
Served asset /scaffolds.css - 200 OK (1ms)


Started GET "/assets/jquery_ujs.js?body=1" for 127.0.0.1 at 2014-08-22 17:36:37 -0300
Served asset /jquery_ujs.js - 200 OK (6ms)


Started GET "/assets/depts.css?body=1" for 127.0.0.1 at 2014-08-22 17:36:37 -0300
Served asset /depts.css - 200 OK (10ms)


Started GET "/assets/caterers.js?body=1" for 127.0.0.1 at 2014-08-22 17:36:37 -0300
Served asset /caterers.js - 200 OK (3ms)


Started GET "/assets/conferencerms.js?body=1" for 127.0.0.1 at 2014-08-22 17:36:37 -0300
Served asset /conferencerms.js - 200 OK (3ms)


Started GET "/assets/depts.js?body=1" for 127.0.0.1 at 2014-08-22 17:36:37 -0300
Served asset /depts.js - 200 OK (1ms)


Started GET "/assets/application.js?body=1" for 127.0.0.1 at 2014-08-22 17:36:37 -0300
Served asset /application.js - 200 OK (26ms)


Started GET "/depts/new" for 127.0.0.1 at 2014-08-22 17:36:40 -0300
Processing by DeptsController#new as HTML
  Rendered depts/_form.html.erb (71.8ms)
  Rendered depts/new.html.erb within layouts/application (149.7ms)
Completed 200 OK in 196.6ms (Views: 183.7ms | ActiveRecord: 0.0ms)


Started GET "/assets/application.css?body=1" for 127.0.0.1 at 2014-08-22 17:36:40 -0300
Served asset /application.css - 304 Not Modified (23ms)


Started GET "/assets/caterers.css?body=1" for 127.0.0.1 at 2014-08-22 17:36:40 -0300
Served asset /caterers.css - 304 Not Modified (0ms)


Started GET "/assets/conferencerms.css?body=1" for 127.0.0.1 at 2014-08-22 17:36:40 -0300
Served asset /conferencerms.css - 304 Not Modified (0ms)


Started GET "/assets/jquery.js?body=1" for 127.0.0.1 at 2014-08-22 17:36:40 -0300
Served asset /jquery.js - 304 Not Modified (1ms)


Started GET "/assets/scaffolds.css?body=1" for 127.0.0.1 at 2014-08-22 17:36:40 -0300
Served asset /scaffolds.css - 304 Not Modified (0ms)


Started GET "/assets/depts.css?body=1" for 127.0.0.1 at 2014-08-22 17:36:40 -0300
Served asset /depts.css - 304 Not Modified (0ms)


Started GET "/assets/jquery_ujs.js?body=1" for 127.0.0.1 at 2014-08-22 17:36:40 -0300
Served asset /jquery_ujs.js - 304 Not Modified (0ms)


Started GET "/assets/application.js?body=1" for 127.0.0.1 at 2014-08-22 17:36:40 -0300
Served asset /application.js - 304 Not Modified (7ms)


Started GET "/assets/caterers.js?body=1" for 127.0.0.1 at 2014-08-22 17:36:40 -0300
Served asset /caterers.js - 304 Not Modified (0ms)


Started GET "/assets/depts.js?body=1" for 127.0.0.1 at 2014-08-22 17:36:40 -0300
Served asset /depts.js - 304 Not Modified (0ms)


Started GET "/assets/conferencerms.js?body=1" for 127.0.0.1 at 2014-08-22 17:36:40 -0300
Served asset /conferencerms.js - 304 Not Modified (0ms)


Started POST "/depts" for 127.0.0.1 at 2014-08-22 17:36:47 -0300
Processing by DeptsController#create as HTML
  Parameters: {"utf8"=>"✓", "authenticity_token"=>"89GMYNYZrX3HJLrUFs+S8xcsbNBrrJK0Ogta9mfdyaQ=", "dept"=>{"deptname"=>"Math"}, "commit"=>"Create Dept"}
  [1m[35m (0.2ms)[0m  begin transaction
  [1m[36mSQL (120.7ms)[0m  [1mINSERT INTO "depts" ("created_at", "deptname", "updated_at") VALUES (?, ?, ?)[0m  [["created_at", Fri, 22 Aug 2014 20:36:47 UTC +00:00], ["deptname", "Math"], ["updated_at", Fri, 22 Aug 2014 20:36:47 UTC +00:00]]
  [1m[35m (34.2ms)[0m  commit transaction
Redirected to http://localhost:3000/depts/1
Completed 302 Found in 172.9ms (ActiveRecord: 155.0ms)


Started GET "/depts/1" for 127.0.0.1 at 2014-08-22 17:36:47 -0300
Processing by DeptsController#show as HTML
  Parameters: {"id"=>"1"}
  [1m[36mDept Load (0.3ms)[0m  [1mSELECT "depts".* FROM "depts" WHERE "depts"."id" = ? LIMIT 1[0m  [["id", "1"]]
  Rendered depts/show.html.erb within layouts/application (1.8ms)
Completed 200 OK in 37.0ms (Views: 18.2ms | ActiveRecord: 0.3ms)


Started GET "/assets/application.css?body=1" for 127.0.0.1 at 2014-08-22 17:36:47 -0300
Served asset /application.css - 304 Not Modified (0ms)


Started GET "/assets/jquery.js?body=1" for 127.0.0.1 at 2014-08-22 17:36:47 -0300
Served asset /jquery.js - 304 Not Modified (1ms)


Started GET "/assets/scaffolds.css?body=1" for 127.0.0.1 at 2014-08-22 17:36:47 -0300
Served asset /scaffolds.css - 304 Not Modified (2ms)


Started GET "/assets/depts.css?body=1" for 127.0.0.1 at 2014-08-22 17:36:47 -0300
Served asset /depts.css - 304 Not Modified (0ms)


Started GET "/assets/conferencerms.css?body=1" for 127.0.0.1 at 2014-08-22 17:36:47 -0300
Served asset /conferencerms.css - 304 Not Modified (0ms)


Started GET "/assets/caterers.css?body=1" for 127.0.0.1 at 2014-08-22 17:36:47 -0300
Served asset /caterers.css - 304 Not Modified (0ms)


Started GET "/assets/jquery_ujs.js?body=1" for 127.0.0.1 at 2014-08-22 17:36:47 -0300
Served asset /jquery_ujs.js - 304 Not Modified (0ms)


Started GET "/assets/depts.js?body=1" for 127.0.0.1 at 2014-08-22 17:36:47 -0300
Served asset /depts.js - 304 Not Modified (4ms)


Started GET "/assets/application.js?body=1" for 127.0.0.1 at 2014-08-22 17:36:47 -0300
Served asset /application.js - 304 Not Modified (1ms)


Started GET "/assets/conferencerms.js?body=1" for 127.0.0.1 at 2014-08-22 17:36:47 -0300
Served asset /conferencerms.js - 304 Not Modified (0ms)


Started GET "/assets/caterers.js?body=1" for 127.0.0.1 at 2014-08-22 17:36:47 -0300
Served asset /caterers.js - 304 Not Modified (0ms)


Started GET "/depts" for 127.0.0.1 at 2014-08-22 17:36:51 -0300
Processing by DeptsController#index as HTML
  [1m[35mDept Load (0.2ms)[0m  SELECT "depts".* FROM "depts" 
  Rendered depts/index.html.erb within layouts/application (3.8ms)
Completed 200 OK in 15.8ms (Views: 14.9ms | ActiveRecord: 0.2ms)


Started GET "/assets/application.css?body=1" for 127.0.0.1 at 2014-08-22 17:36:51 -0300
Served asset /application.css - 304 Not Modified (0ms)


Started GET "/assets/jquery.js?body=1" for 127.0.0.1 at 2014-08-22 17:36:51 -0300
Served asset /jquery.js - 304 Not Modified (1ms)


Started GET "/assets/scaffolds.css?body=1" for 127.0.0.1 at 2014-08-22 17:36:51 -0300
Served asset /scaffolds.css - 304 Not Modified (0ms)


Started GET "/assets/depts.css?body=1" for 127.0.0.1 at 2014-08-22 17:36:51 -0300
Served asset /depts.css - 304 Not Modified (0ms)


Started GET "/assets/conferencerms.css?body=1" for 127.0.0.1 at 2014-08-22 17:36:51 -0300
Served asset /conferencerms.css - 304 Not Modified (0ms)


Started GET "/assets/caterers.css?body=1" for 127.0.0.1 at 2014-08-22 17:36:51 -0300
Served asset /caterers.css - 304 Not Modified (0ms)


Started GET "/assets/jquery_ujs.js?body=1" for 127.0.0.1 at 2014-08-22 17:36:51 -0300
Served asset /jquery_ujs.js - 304 Not Modified (0ms)


Started GET "/assets/conferencerms.js?body=1" for 127.0.0.1 at 2014-08-22 17:36:51 -0300
Served asset /conferencerms.js - 304 Not Modified (0ms)


Started GET "/assets/depts.js?body=1" for 127.0.0.1 at 2014-08-22 17:36:51 -0300
Served asset /depts.js - 304 Not Modified (0ms)


Started GET "/assets/application.js?body=1" for 127.0.0.1 at 2014-08-22 17:36:51 -0300
Served asset /application.js - 304 Not Modified (1ms)


Started GET "/assets/caterers.js?body=1" for 127.0.0.1 at 2014-08-22 17:36:51 -0300
Served asset /caterers.js - 304 Not Modified (0ms)


Started GET "/depts/new" for 127.0.0.1 at 2014-08-22 17:36:53 -0300
Processing by DeptsController#new as HTML
  Rendered depts/_form.html.erb (4.7ms)
  Rendered depts/new.html.erb within layouts/application (8.0ms)
Completed 200 OK in 18.1ms (Views: 17.7ms | ActiveRecord: 0.0ms)


Started GET "/assets/application.css?body=1" for 127.0.0.1 at 2014-08-22 17:36:53 -0300
Served asset /application.css - 304 Not Modified (0ms)


Started GET "/assets/caterers.css?body=1" for 127.0.0.1 at 2014-08-22 17:36:53 -0300
Served asset /caterers.css - 304 Not Modified (26ms)


Started GET "/assets/jquery_ujs.js?body=1" for 127.0.0.1 at 2014-08-22 17:36:53 -0300
Served asset /jquery_ujs.js - 304 Not Modified (0ms)


Started GET "/assets/jquery.js?body=1" for 127.0.0.1 at 2014-08-22 17:36:53 -0300
Served asset /jquery.js - 304 Not Modified (2ms)


Started GET "/assets/scaffolds.css?body=1" for 127.0.0.1 at 2014-08-22 17:36:53 -0300
Served asset /scaffolds.css - 304 Not Modified (0ms)


Started GET "/assets/depts.css?body=1" for 127.0.0.1 at 2014-08-22 17:36:53 -0300
Served asset /depts.css - 304 Not Modified (0ms)


Started GET "/assets/conferencerms.css?body=1" for 127.0.0.1 at 2014-08-22 17:36:53 -0300
Served asset /conferencerms.css - 304 Not Modified (0ms)


Started GET "/assets/conferencerms.js?body=1" for 127.0.0.1 at 2014-08-22 17:36:53 -0300
Served asset /conferencerms.js - 304 Not Modified (0ms)


Started GET "/assets/caterers.js?body=1" for 127.0.0.1 at 2014-08-22 17:36:53 -0300
Served asset /caterers.js - 304 Not Modified (0ms)


Started GET "/assets/depts.js?body=1" for 127.0.0.1 at 2014-08-22 17:36:53 -0300
Served asset /depts.js - 304 Not Modified (0ms)


Started GET "/assets/application.js?body=1" for 127.0.0.1 at 2014-08-22 17:36:53 -0300
Served asset /application.js - 304 Not Modified (7ms)


Started POST "/depts" for 127.0.0.1 at 2014-08-22 17:37:00 -0300
Processing by DeptsController#create as HTML
  Parameters: {"utf8"=>"✓", "authenticity_token"=>"89GMYNYZrX3HJLrUFs+S8xcsbNBrrJK0Ogta9mfdyaQ=", "dept"=>{"deptname"=>"Science"}, "commit"=>"Create Dept"}
  [1m[36m (0.0ms)[0m  [1mbegin transaction[0m
  [1m[35mSQL (3.7ms)[0m  INSERT INTO "depts" ("created_at", "deptname", "updated_at") VALUES (?, ?, ?)  [["created_at", Fri, 22 Aug 2014 20:37:00 UTC +00:00], ["deptname", "Science"], ["updated_at", Fri, 22 Aug 2014 20:37:00 UTC +00:00]]
  [1m[36m (65.7ms)[0m  [1mcommit transaction[0m
Redirected to http://localhost:3000/depts/2
Completed 302 Found in 72.5ms (ActiveRecord: 69.5ms)


Started GET "/depts/2" for 127.0.0.1 at 2014-08-22 17:37:00 -0300
Processing by DeptsController#show as HTML
  Parameters: {"id"=>"2"}
  [1m[35mDept Load (0.1ms)[0m  SELECT "depts".* FROM "depts" WHERE "depts"."id" = ? LIMIT 1  [["id", "2"]]
  Rendered depts/show.html.erb within layouts/application (1.0ms)
Completed 200 OK in 11.5ms (Views: 7.3ms | ActiveRecord: 0.1ms)


Started GET "/assets/application.css?body=1" for 127.0.0.1 at 2014-08-22 17:37:00 -0300
Served asset /application.css - 304 Not Modified (0ms)


Started GET "/assets/jquery.js?body=1" for 127.0.0.1 at 2014-08-22 17:37:00 -0300
Served asset /jquery.js - 304 Not Modified (0ms)


Started GET "/assets/scaffolds.css?body=1" for 127.0.0.1 at 2014-08-22 17:37:00 -0300
Served asset /scaffolds.css - 304 Not Modified (0ms)


Started GET "/assets/depts.css?body=1" for 127.0.0.1 at 2014-08-22 17:37:00 -0300
Served asset /depts.css - 304 Not Modified (0ms)


Started GET "/assets/conferencerms.css?body=1" for 127.0.0.1 at 2014-08-22 17:37:00 -0300
Served asset /conferencerms.css - 304 Not Modified (0ms)


Started GET "/assets/caterers.css?body=1" for 127.0.0.1 at 2014-08-22 17:37:00 -0300
Served asset /caterers.css - 304 Not Modified (0ms)


Started GET "/assets/jquery_ujs.js?body=1" for 127.0.0.1 at 2014-08-22 17:37:00 -0300
Served asset /jquery_ujs.js - 304 Not Modified (0ms)


Started GET "/assets/application.js?body=1" for 127.0.0.1 at 2014-08-22 17:37:00 -0300
Served asset /application.js - 304 Not Modified (1ms)


Started GET "/assets/depts.js?body=1" for 127.0.0.1 at 2014-08-22 17:37:00 -0300
Served asset /depts.js - 304 Not Modified (0ms)


Started GET "/assets/caterers.js?body=1" for 127.0.0.1 at 2014-08-22 17:37:00 -0300
Served asset /caterers.js - 304 Not Modified (0ms)


Started GET "/assets/conferencerms.js?body=1" for 127.0.0.1 at 2014-08-22 17:37:00 -0300
Served asset /conferencerms.js - 304 Not Modified (0ms)


Started GET "/depts" for 127.0.0.1 at 2014-08-22 17:37:02 -0300
Processing by DeptsController#index as HTML
  [1m[36mDept Load (0.2ms)[0m  [1mSELECT "depts".* FROM "depts" [0m
  Rendered depts/index.html.erb within layouts/application (5.0ms)
Completed 200 OK in 48.1ms (Views: 47.1ms | ActiveRecord: 0.2ms)


Started GET "/assets/application.css?body=1" for 127.0.0.1 at 2014-08-22 17:37:02 -0300
Served asset /application.css - 304 Not Modified (0ms)


Started GET "/assets/depts.css?body=1" for 127.0.0.1 at 2014-08-22 17:37:02 -0300
Served asset /depts.css - 304 Not Modified (0ms)


Started GET "/assets/conferencerms.css?body=1" for 127.0.0.1 at 2014-08-22 17:37:02 -0300
Served asset /conferencerms.css - 304 Not Modified (7ms)


Started GET "/assets/caterers.css?body=1" for 127.0.0.1 at 2014-08-22 17:37:02 -0300
Served asset /caterers.css - 304 Not Modified (0ms)


Started GET "/assets/jquery_ujs.js?body=1" for 127.0.0.1 at 2014-08-22 17:37:02 -0300
Served asset /jquery_ujs.js - 304 Not Modified (3ms)


Started GET "/assets/jquery.js?body=1" for 127.0.0.1 at 2014-08-22 17:37:02 -0300
Served asset /jquery.js - 304 Not Modified (37ms)


Started GET "/assets/scaffolds.css?body=1" for 127.0.0.1 at 2014-08-22 17:37:02 -0300
Served asset /scaffolds.css - 304 Not Modified (0ms)


Started GET "/assets/caterers.js?body=1" for 127.0.0.1 at 2014-08-22 17:37:02 -0300
Served asset /caterers.js - 304 Not Modified (3ms)


Started GET "/assets/conferencerms.js?body=1" for 127.0.0.1 at 2014-08-22 17:37:02 -0300
Served asset /conferencerms.js - 304 Not Modified (0ms)


Started GET "/assets/depts.js?body=1" for 127.0.0.1 at 2014-08-22 17:37:02 -0300
Served asset /depts.js - 304 Not Modified (0ms)


Started GET "/assets/application.js?body=1" for 127.0.0.1 at 2014-08-22 17:37:02 -0300
Served asset /application.js - 304 Not Modified (1ms)


Started GET "/depts/new" for 127.0.0.1 at 2014-08-22 17:37:04 -0300
Processing by DeptsController#new as HTML
  Rendered depts/_form.html.erb (6.1ms)
  Rendered depts/new.html.erb within layouts/application (7.1ms)
Completed 200 OK in 21.0ms (Views: 20.2ms | ActiveRecord: 0.0ms)


Started GET "/assets/application.css?body=1" for 127.0.0.1 at 2014-08-22 17:37:04 -0300
Served asset /application.css - 304 Not Modified (6ms)


Started GET "/assets/scaffolds.css?body=1" for 127.0.0.1 at 2014-08-22 17:37:04 -0300
Served asset /scaffolds.css - 304 Not Modified (0ms)


Started GET "/assets/depts.css?body=1" for 127.0.0.1 at 2014-08-22 17:37:04 -0300
Served asset /depts.css - 304 Not Modified (0ms)


Started GET "/assets/conferencerms.css?body=1" for 127.0.0.1 at 2014-08-22 17:37:04 -0300
Served asset /conferencerms.css - 304 Not Modified (2ms)


Started GET "/assets/caterers.css?body=1" for 127.0.0.1 at 2014-08-22 17:37:04 -0300
Served asset /caterers.css - 304 Not Modified (0ms)


Started GET "/assets/jquery.js?body=1" for 127.0.0.1 at 2014-08-22 17:37:04 -0300
Served asset /jquery.js - 304 Not Modified (0ms)


Started GET "/assets/jquery_ujs.js?body=1" for 127.0.0.1 at 2014-08-22 17:37:04 -0300
Served asset /jquery_ujs.js - 304 Not Modified (0ms)


Started GET "/assets/conferencerms.js?body=1" for 127.0.0.1 at 2014-08-22 17:37:04 -0300
Served asset /conferencerms.js - 304 Not Modified (0ms)


Started GET "/assets/application.js?body=1" for 127.0.0.1 at 2014-08-22 17:37:04 -0300
Served asset /application.js - 304 Not Modified (1ms)


Started GET "/assets/depts.js?body=1" for 127.0.0.1 at 2014-08-22 17:37:04 -0300
Served asset /depts.js - 304 Not Modified (0ms)


Started GET "/assets/caterers.js?body=1" for 127.0.0.1 at 2014-08-22 17:37:04 -0300
Served asset /caterers.js - 304 Not Modified (0ms)


Started POST "/depts" for 127.0.0.1 at 2014-08-22 17:37:14 -0300
Processing by DeptsController#create as HTML
  Parameters: {"utf8"=>"✓", "authenticity_token"=>"89GMYNYZrX3HJLrUFs+S8xcsbNBrrJK0Ogta9mfdyaQ=", "dept"=>{"deptname"=>"Computer"}, "commit"=>"Create Dept"}
  [1m[35m (0.1ms)[0m  begin transaction
  [1m[36mSQL (0.3ms)[0m  [1mINSERT INTO "depts" ("created_at", "deptname", "updated_at") VALUES (?, ?, ?)[0m  [["created_at", Fri, 22 Aug 2014 20:37:14 UTC +00:00], ["deptname", "Computer"], ["updated_at", Fri, 22 Aug 2014 20:37:14 UTC +00:00]]
  [1m[35m (66.8ms)[0m  commit transaction
Redirected to http://localhost:3000/depts/3
Completed 302 Found in 69.9ms (ActiveRecord: 67.2ms)


Started GET "/depts/3" for 127.0.0.1 at 2014-08-22 17:37:14 -0300
Processing by DeptsController#show as HTML
  Parameters: {"id"=>"3"}
  [1m[36mDept Load (0.1ms)[0m  [1mSELECT "depts".* FROM "depts" WHERE "depts"."id" = ? LIMIT 1[0m  [["id", "3"]]
  Rendered depts/show.html.erb within layouts/application (0.6ms)
Completed 200 OK in 12.4ms (Views: 8.7ms | ActiveRecord: 0.1ms)


Started GET "/assets/application.css?body=1" for 127.0.0.1 at 2014-08-22 17:37:14 -0300
Served asset /application.css - 304 Not Modified (0ms)


Started GET "/assets/jquery.js?body=1" for 127.0.0.1 at 2014-08-22 17:37:14 -0300
Served asset /jquery.js - 304 Not Modified (14ms)


Started GET "/assets/scaffolds.css?body=1" for 127.0.0.1 at 2014-08-22 17:37:14 -0300
Served asset /scaffolds.css - 304 Not Modified (0ms)


Started GET "/assets/depts.css?body=1" for 127.0.0.1 at 2014-08-22 17:37:14 -0300
Served asset /depts.css - 304 Not Modified (0ms)


Started GET "/assets/conferencerms.css?body=1" for 127.0.0.1 at 2014-08-22 17:37:14 -0300
Served asset /conferencerms.css - 304 Not Modified (0ms)


Started GET "/assets/caterers.css?body=1" for 127.0.0.1 at 2014-08-22 17:37:14 -0300
Served asset /caterers.css - 304 Not Modified (0ms)


Started GET "/assets/jquery_ujs.js?body=1" for 127.0.0.1 at 2014-08-22 17:37:14 -0300
Served asset /jquery_ujs.js - 304 Not Modified (0ms)


Started GET "/assets/conferencerms.js?body=1" for 127.0.0.1 at 2014-08-22 17:37:14 -0300
Served asset /conferencerms.js - 304 Not Modified (0ms)


Started GET "/assets/depts.js?body=1" for 127.0.0.1 at 2014-08-22 17:37:14 -0300
Served asset /depts.js - 304 Not Modified (0ms)


Started GET "/assets/caterers.js?body=1" for 127.0.0.1 at 2014-08-22 17:37:14 -0300
Served asset /caterers.js - 304 Not Modified (0ms)


Started GET "/assets/application.js?body=1" for 127.0.0.1 at 2014-08-22 17:37:14 -0300
Served asset /application.js - 304 Not Modified (14ms)


Started GET "/cater" for 127.0.0.1 at 2014-08-22 17:37:30 -0300

ActionController::RoutingError (No route matches [GET] "/cater"):
  actionpack (3.2.18) lib/action_dispatch/middleware/debug_exceptions.rb:21:in `call'
  actionpack (3.2.18) lib/action_dispatch/middleware/show_exceptions.rb:56:in `call'
  railties (3.2.18) lib/rails/rack/logger.rb:32:in `call_app'
  railties (3.2.18) lib/rails/rack/logger.rb:16:in `block in call'
  activesupport (3.2.18) lib/active_support/tagged_logging.rb:22:in `tagged'
  railties (3.2.18) lib/rails/rack/logger.rb:16:in `call'
  actionpack (3.2.18) lib/action_dispatch/middleware/request_id.rb:22:in `call'
  rack (1.4.5) lib/rack/methodoverride.rb:21:in `call'
  rack (1.4.5) lib/rack/runtime.rb:17:in `call'
  activesupport (3.2.18) lib/active_support/cache/strategy/local_cache.rb:72:in `call'
  rack (1.4.5) lib/rack/lock.rb:15:in `call'
  actionpack (3.2.18) lib/action_dispatch/middleware/static.rb:63:in `call'
  railties (3.2.18) lib/rails/engine.rb:484:in `call'
  railties (3.2.18) lib/rails/application.rb:231:in `call'
  rack (1.4.5) lib/rack/content_length.rb:14:in `call'
  railties (3.2.18) lib/rails/rack/log_tailer.rb:17:in `call'
  rack (1.4.5) lib/rack/handler/webrick.rb:59:in `service'
  /home/saasbook/.rvm/rubies/ruby-1.9.3-p448/lib/ruby/1.9.1/webrick/httpserver.rb:138:in `service'
  /home/saasbook/.rvm/rubies/ruby-1.9.3-p448/lib/ruby/1.9.1/webrick/httpserver.rb:94:in `run'
  /home/saasbook/.rvm/rubies/ruby-1.9.3-p448/lib/ruby/1.9.1/webrick/server.rb:191:in `block in start_thread'


  Rendered /home/saasbook/.rvm/gems/ruby-1.9.3-p448/gems/actionpack-3.2.18/lib/action_dispatch/middleware/templates/rescues/routing_error.erb within rescues/layout (1.7ms)


Started GET "/caterers" for 127.0.0.1 at 2014-08-22 17:37:53 -0300
Processing by CaterersController#index as HTML
  [1m[35mCaterer Load (0.3ms)[0m  SELECT "caterers".* FROM "caterers" 
  Rendered caterers/index.html.erb within layouts/application (4.1ms)
Completed 200 OK in 76.0ms (Views: 56.7ms | ActiveRecord: 1.3ms)


Started GET "/assets/application.css?body=1" for 127.0.0.1 at 2014-08-22 17:37:54 -0300
Served asset /application.css - 304 Not Modified (0ms)


Started GET "/assets/jquery.js?body=1" for 127.0.0.1 at 2014-08-22 17:37:54 -0300
Served asset /jquery.js - 304 Not Modified (1ms)


Started GET "/assets/scaffolds.css?body=1" for 127.0.0.1 at 2014-08-22 17:37:54 -0300
Served asset /scaffolds.css - 304 Not Modified (2ms)


Started GET "/assets/depts.css?body=1" for 127.0.0.1 at 2014-08-22 17:37:54 -0300
Served asset /depts.css - 304 Not Modified (0ms)


Started GET "/assets/conferencerms.css?body=1" for 127.0.0.1 at 2014-08-22 17:37:54 -0300
Served asset /conferencerms.css - 304 Not Modified (0ms)


Started GET "/assets/caterers.css?body=1" for 127.0.0.1 at 2014-08-22 17:37:54 -0300
Served asset /caterers.css - 304 Not Modified (0ms)


Started GET "/assets/jquery_ujs.js?body=1" for 127.0.0.1 at 2014-08-22 17:37:54 -0300
Served asset /jquery_ujs.js - 304 Not Modified (0ms)


Started GET "/assets/conferencerms.js?body=1" for 127.0.0.1 at 2014-08-22 17:37:54 -0300
Served asset /conferencerms.js - 304 Not Modified (0ms)


Started GET "/assets/depts.js?body=1" for 127.0.0.1 at 2014-08-22 17:37:54 -0300
Served asset /depts.js - 304 Not Modified (0ms)


Started GET "/assets/application.js?body=1" for 127.0.0.1 at 2014-08-22 17:37:54 -0300
Served asset /application.js - 304 Not Modified (6ms)


Started GET "/assets/caterers.js?body=1" for 127.0.0.1 at 2014-08-22 17:37:54 -0300
Served asset /caterers.js - 304 Not Modified (6ms)


Started GET "/caterers/new" for 127.0.0.1 at 2014-08-22 17:37:58 -0300
Processing by CaterersController#new as HTML
  Rendered caterers/_form.html.erb (4.0ms)
  Rendered caterers/new.html.erb within layouts/application (70.5ms)
Completed 200 OK in 86.6ms (Views: 83.1ms | ActiveRecord: 0.0ms)


Started GET "/assets/application.css?body=1" for 127.0.0.1 at 2014-08-22 17:37:58 -0300
Served asset /application.css - 304 Not Modified (4ms)


Started GET "/assets/caterers.css?body=1" for 127.0.0.1 at 2014-08-22 17:37:58 -0300
Served asset /caterers.css - 304 Not Modified (0ms)


Started GET "/assets/depts.css?body=1" for 127.0.0.1 at 2014-08-22 17:37:58 -0300
Served asset /depts.css - 304 Not Modified (2ms)


Started GET "/assets/conferencerms.css?body=1" for 127.0.0.1 at 2014-08-22 17:37:58 -0300
Served asset /conferencerms.css - 304 Not Modified (0ms)


Started GET "/assets/jquery.js?body=1" for 127.0.0.1 at 2014-08-22 17:37:58 -0300
Served asset /jquery.js - 304 Not Modified (0ms)


Started GET "/assets/scaffolds.css?body=1" for 127.0.0.1 at 2014-08-22 17:37:58 -0300
Served asset /scaffolds.css - 304 Not Modified (0ms)


Started GET "/assets/jquery_ujs.js?body=1" for 127.0.0.1 at 2014-08-22 17:37:58 -0300
Served asset /jquery_ujs.js - 304 Not Modified (0ms)


Started GET "/assets/conferencerms.js?body=1" for 127.0.0.1 at 2014-08-22 17:37:58 -0300
Served asset /conferencerms.js - 304 Not Modified (22ms)


Started GET "/assets/caterers.js?body=1" for 127.0.0.1 at 2014-08-22 17:37:58 -0300
Served asset /caterers.js - 304 Not Modified (0ms)


Started GET "/assets/depts.js?body=1" for 127.0.0.1 at 2014-08-22 17:37:58 -0300
Served asset /depts.js - 304 Not Modified (0ms)


Started GET "/assets/application.js?body=1" for 127.0.0.1 at 2014-08-22 17:37:58 -0300
Served asset /application.js - 304 Not Modified (1ms)


Started POST "/caterers" for 127.0.0.1 at 2014-08-22 17:38:11 -0300
Processing by CaterersController#create as HTML
  Parameters: {"utf8"=>"✓", "authenticity_token"=>"89GMYNYZrX3HJLrUFs+S8xcsbNBrrJK0Ogta9mfdyaQ=", "caterer"=>{"caterername"=>"Dominos"}, "commit"=>"Create Caterer"}
  [1m[36m (0.1ms)[0m  [1mbegin transaction[0m
  [1m[35mSQL (0.4ms)[0m  INSERT INTO "caterers" ("caterername", "created_at", "updated_at") VALUES (?, ?, ?)  [["caterername", "Dominos"], ["created_at", Fri, 22 Aug 2014 20:38:11 UTC +00:00], ["updated_at", Fri, 22 Aug 2014 20:38:11 UTC +00:00]]
  [1m[36m (134.7ms)[0m  [1mcommit transaction[0m
Redirected to http://localhost:3000/caterers/2
Completed 302 Found in 139.5ms (ActiveRecord: 135.2ms)


Started GET "/caterers/2" for 127.0.0.1 at 2014-08-22 17:38:11 -0300
Processing by CaterersController#show as HTML
  Parameters: {"id"=>"2"}
  [1m[35mCaterer Load (0.5ms)[0m  SELECT "caterers".* FROM "caterers" WHERE "caterers"."id" = ? LIMIT 1  [["id", "2"]]
  Rendered caterers/show.html.erb within layouts/application (3.7ms)
Completed 200 OK in 45.3ms (Views: 41.6ms | ActiveRecord: 0.5ms)


Started GET "/assets/application.css?body=1" for 127.0.0.1 at 2014-08-22 17:38:11 -0300
Served asset /application.css - 304 Not Modified (0ms)


Started GET "/assets/jquery.js?body=1" for 127.0.0.1 at 2014-08-22 17:38:11 -0300
Served asset /jquery.js - 304 Not Modified (5ms)


Started GET "/assets/scaffolds.css?body=1" for 127.0.0.1 at 2014-08-22 17:38:11 -0300
Served asset /scaffolds.css - 304 Not Modified (0ms)


Started GET "/assets/depts.css?body=1" for 127.0.0.1 at 2014-08-22 17:38:11 -0300
Served asset /depts.css - 304 Not Modified (0ms)


Started GET "/assets/conferencerms.css?body=1" for 127.0.0.1 at 2014-08-22 17:38:11 -0300
Served asset /conferencerms.css - 304 Not Modified (0ms)


Started GET "/assets/caterers.css?body=1" for 127.0.0.1 at 2014-08-22 17:38:11 -0300
Served asset /caterers.css - 304 Not Modified (0ms)


Started GET "/assets/jquery_ujs.js?body=1" for 127.0.0.1 at 2014-08-22 17:38:11 -0300
Served asset /jquery_ujs.js - 304 Not Modified (0ms)


Started GET "/assets/conferencerms.js?body=1" for 127.0.0.1 at 2014-08-22 17:38:11 -0300
Served asset /conferencerms.js - 304 Not Modified (0ms)


Started GET "/assets/depts.js?body=1" for 127.0.0.1 at 2014-08-22 17:38:11 -0300
Served asset /depts.js - 304 Not Modified (0ms)


Started GET "/assets/caterers.js?body=1" for 127.0.0.1 at 2014-08-22 17:38:11 -0300
Served asset /caterers.js - 304 Not Modified (0ms)


Started GET "/assets/application.js?body=1" for 127.0.0.1 at 2014-08-22 17:38:11 -0300
Served asset /application.js - 304 Not Modified (1ms)


Started GET "/caterorders" for 127.0.0.1 at 2014-08-22 17:38:23 -0300

ActionController::RoutingError (No route matches [GET] "/caterorders"):
  actionpack (3.2.18) lib/action_dispatch/middleware/debug_exceptions.rb:21:in `call'
  actionpack (3.2.18) lib/action_dispatch/middleware/show_exceptions.rb:56:in `call'
  railties (3.2.18) lib/rails/rack/logger.rb:32:in `call_app'
  railties (3.2.18) lib/rails/rack/logger.rb:16:in `block in call'
  activesupport (3.2.18) lib/active_support/tagged_logging.rb:22:in `tagged'
  railties (3.2.18) lib/rails/rack/logger.rb:16:in `call'
  actionpack (3.2.18) lib/action_dispatch/middleware/request_id.rb:22:in `call'
  rack (1.4.5) lib/rack/methodoverride.rb:21:in `call'
  rack (1.4.5) lib/rack/runtime.rb:17:in `call'
  activesupport (3.2.18) lib/active_support/cache/strategy/local_cache.rb:72:in `call'
  rack (1.4.5) lib/rack/lock.rb:15:in `call'
  actionpack (3.2.18) lib/action_dispatch/middleware/static.rb:63:in `call'
  railties (3.2.18) lib/rails/engine.rb:484:in `call'
  railties (3.2.18) lib/rails/application.rb:231:in `call'
  rack (1.4.5) lib/rack/content_length.rb:14:in `call'
  railties (3.2.18) lib/rails/rack/log_tailer.rb:17:in `call'
  rack (1.4.5) lib/rack/handler/webrick.rb:59:in `service'
  /home/saasbook/.rvm/rubies/ruby-1.9.3-p448/lib/ruby/1.9.1/webrick/httpserver.rb:138:in `service'
  /home/saasbook/.rvm/rubies/ruby-1.9.3-p448/lib/ruby/1.9.1/webrick/httpserver.rb:94:in `run'
  /home/saasbook/.rvm/rubies/ruby-1.9.3-p448/lib/ruby/1.9.1/webrick/server.rb:191:in `block in start_thread'


  Rendered /home/saasbook/.rvm/gems/ruby-1.9.3-p448/gems/actionpack-3.2.18/lib/action_dispatch/middleware/templates/rescues/routing_error.erb within rescues/layout (0.8ms)
Connecting to database specified by database.yml


Started GET "/orders" for 127.0.0.1 at 2014-08-22 17:45:11 -0300
Processing by OrdersController#index as HTML
Completed 500 Internal Server Error in 1.6ms

ActiveRecord::StatementInvalid (Could not find table 'orders'):
  app/controllers/orders_controller.rb:5:in `index'


  Rendered /home/saasbook/.rvm/gems/ruby-1.9.3-p448/gems/actionpack-3.2.18/lib/action_dispatch/middleware/templates/rescues/_trace.erb (4.2ms)
  Rendered /home/saasbook/.rvm/gems/ruby-1.9.3-p448/gems/actionpack-3.2.18/lib/action_dispatch/middleware/templates/rescues/_request_and_response.erb (5.0ms)
  Rendered /home/saasbook/.rvm/gems/ruby-1.9.3-p448/gems/actionpack-3.2.18/lib/action_dispatch/middleware/templates/rescues/diagnostics.erb within rescues/layout (43.9ms)


Started GET "/order" for 127.0.0.1 at 2014-08-22 17:45:18 -0300

ActionController::RoutingError (No route matches [GET] "/order"):
  actionpack (3.2.18) lib/action_dispatch/middleware/debug_exceptions.rb:21:in `call'
  actionpack (3.2.18) lib/action_dispatch/middleware/show_exceptions.rb:56:in `call'
  railties (3.2.18) lib/rails/rack/logger.rb:32:in `call_app'
  railties (3.2.18) lib/rails/rack/logger.rb:16:in `block in call'
  activesupport (3.2.18) lib/active_support/tagged_logging.rb:22:in `tagged'
  railties (3.2.18) lib/rails/rack/logger.rb:16:in `call'
  actionpack (3.2.18) lib/action_dispatch/middleware/request_id.rb:22:in `call'
  rack (1.4.5) lib/rack/methodoverride.rb:21:in `call'
  rack (1.4.5) lib/rack/runtime.rb:17:in `call'
  activesupport (3.2.18) lib/active_support/cache/strategy/local_cache.rb:72:in `call'
  rack (1.4.5) lib/rack/lock.rb:15:in `call'
  actionpack (3.2.18) lib/action_dispatch/middleware/static.rb:63:in `call'
  railties (3.2.18) lib/rails/engine.rb:484:in `call'
  railties (3.2.18) lib/rails/application.rb:231:in `call'
  rack (1.4.5) lib/rack/content_length.rb:14:in `call'
  railties (3.2.18) lib/rails/rack/log_tailer.rb:17:in `call'
  rack (1.4.5) lib/rack/handler/webrick.rb:59:in `service'
  /home/saasbook/.rvm/rubies/ruby-1.9.3-p448/lib/ruby/1.9.1/webrick/httpserver.rb:138:in `service'
  /home/saasbook/.rvm/rubies/ruby-1.9.3-p448/lib/ruby/1.9.1/webrick/httpserver.rb:94:in `run'
  /home/saasbook/.rvm/rubies/ruby-1.9.3-p448/lib/ruby/1.9.1/webrick/server.rb:191:in `block in start_thread'


  Rendered /home/saasbook/.rvm/gems/ruby-1.9.3-p448/gems/actionpack-3.2.18/lib/action_dispatch/middleware/templates/rescues/routing_error.erb within rescues/layout (0.5ms)
Connecting to database specified by database.yml
  [1m[36m (1.4ms)[0m  [1mSELECT "schema_migrations"."version" FROM "schema_migrations" [0m
Migrating to CreateDepts (20140819155513)
Migrating to CreateConferencerms (20140819160117)
Migrating to CreateCaterers (20140819161406)
Migrating to CreateOrders (20140822204454)
  [1m[35m (0.1ms)[0m  select sqlite_version(*)
  [1m[36m (0.1ms)[0m  [1mbegin transaction[0m
  [1m[35m (0.7ms)[0m  CREATE TABLE "orders" ("id" INTEGER PRIMARY KEY AUTOINCREMENT NOT NULL, "name" varchar(255), "department" varchar(255), "delivery_date" datetime, "conference_room" varchar(255), "no_of_people" integer, "cater" varchar(255), "food_allergy" varchar(255), "special_requests" text, "credit_card" varchar(255), "created_at" datetime NOT NULL, "updated_at" datetime NOT NULL) 
  [1m[36m (0.2ms)[0m  [1mINSERT INTO "schema_migrations" ("version") VALUES ('20140822204454')[0m
  [1m[35m (25.9ms)[0m  commit transaction
  [1m[36m (0.1ms)[0m  [1mSELECT "schema_migrations"."version" FROM "schema_migrations" [0m


Started GET "/order" for 127.0.0.1 at 2014-08-22 17:45:45 -0300

ActionController::RoutingError (No route matches [GET] "/order"):
  actionpack (3.2.18) lib/action_dispatch/middleware/debug_exceptions.rb:21:in `call'
  actionpack (3.2.18) lib/action_dispatch/middleware/show_exceptions.rb:56:in `call'
  railties (3.2.18) lib/rails/rack/logger.rb:32:in `call_app'
  railties (3.2.18) lib/rails/rack/logger.rb:16:in `block in call'
  activesupport (3.2.18) lib/active_support/tagged_logging.rb:22:in `tagged'
  railties (3.2.18) lib/rails/rack/logger.rb:16:in `call'
  actionpack (3.2.18) lib/action_dispatch/middleware/request_id.rb:22:in `call'
  rack (1.4.5) lib/rack/methodoverride.rb:21:in `call'
  rack (1.4.5) lib/rack/runtime.rb:17:in `call'
  activesupport (3.2.18) lib/active_support/cache/strategy/local_cache.rb:72:in `call'
  rack (1.4.5) lib/rack/lock.rb:15:in `call'
  actionpack (3.2.18) lib/action_dispatch/middleware/static.rb:63:in `call'
  railties (3.2.18) lib/rails/engine.rb:484:in `call'
  railties (3.2.18) lib/rails/application.rb:231:in `call'
  rack (1.4.5) lib/rack/content_length.rb:14:in `call'
  railties (3.2.18) lib/rails/rack/log_tailer.rb:17:in `call'
  rack (1.4.5) lib/rack/handler/webrick.rb:59:in `service'
  /home/saasbook/.rvm/rubies/ruby-1.9.3-p448/lib/ruby/1.9.1/webrick/httpserver.rb:138:in `service'
  /home/saasbook/.rvm/rubies/ruby-1.9.3-p448/lib/ruby/1.9.1/webrick/httpserver.rb:94:in `run'
  /home/saasbook/.rvm/rubies/ruby-1.9.3-p448/lib/ruby/1.9.1/webrick/server.rb:191:in `block in start_thread'


  Rendered /home/saasbook/.rvm/gems/ruby-1.9.3-p448/gems/actionpack-3.2.18/lib/action_dispatch/middleware/templates/rescues/routing_error.erb within rescues/layout (0.8ms)


Started GET "/orders" for 127.0.0.1 at 2014-08-22 17:45:48 -0300
Processing by OrdersController#index as HTML
  [1m[36mOrder Load (0.1ms)[0m  [1mSELECT "orders".* FROM "orders" [0m
  Rendered orders/index.html.erb within layouts/application (1.5ms)
Warning. Error encountered while saving cache /home/saasbook/Documents/cater/tmp/cache/sass/884b0bafead4e4f42a7d0e14974a0dcb7f244616/orders.css.scssc: can't dump anonymous class #<Class:0x947c1d4>
Compiled orders.css  (20ms)  (pid 2253)
Compiled application.css  (31ms)  (pid 2253)
Compiled orders.js  (545ms)  (pid 2253)
Compiled application.js  (557ms)  (pid 2253)
Completed 200 OK in 693.4ms (Views: 690.7ms | ActiveRecord: 0.8ms)


Started GET "/assets/application.css?body=1" for 127.0.0.1 at 2014-08-22 17:45:49 -0300
Served asset /application.css - 304 Not Modified (64ms)


Started GET "/assets/scaffolds.css?body=1" for 127.0.0.1 at 2014-08-22 17:45:49 -0300
Served asset /scaffolds.css - 304 Not Modified (0ms)


Started GET "/assets/orders.css?body=1" for 127.0.0.1 at 2014-08-22 17:45:49 -0300
Served asset /orders.css - 200 OK (2ms)


Started GET "/assets/depts.css?body=1" for 127.0.0.1 at 2014-08-22 17:45:49 -0300
Served asset /depts.css - 304 Not Modified (0ms)


Started GET "/assets/conferencerms.css?body=1" for 127.0.0.1 at 2014-08-22 17:45:49 -0300
Served asset /conferencerms.css - 304 Not Modified (0ms)


Started GET "/assets/caterers.css?body=1" for 127.0.0.1 at 2014-08-22 17:45:49 -0300
Served asset /caterers.css - 304 Not Modified (0ms)


Started GET "/assets/orders.js?body=1" for 127.0.0.1 at 2014-08-22 17:45:49 -0300
Served asset /orders.js - 200 OK (5ms)


Started GET "/assets/conferencerms.js?body=1" for 127.0.0.1 at 2014-08-22 17:45:49 -0300
Served asset /conferencerms.js - 304 Not Modified (0ms)


Started GET "/assets/jquery_ujs.js?body=1" for 127.0.0.1 at 2014-08-22 17:45:49 -0300
Served asset /jquery_ujs.js - 304 Not Modified (0ms)


Started GET "/assets/depts.js?body=1" for 127.0.0.1 at 2014-08-22 17:45:49 -0300
Served asset /depts.js - 304 Not Modified (0ms)


Started GET "/assets/caterers.js?body=1" for 127.0.0.1 at 2014-08-22 17:45:49 -0300
Served asset /caterers.js - 304 Not Modified (0ms)


Started GET "/assets/jquery.js?body=1" for 127.0.0.1 at 2014-08-22 17:45:49 -0300
Served asset /jquery.js - 304 Not Modified (6ms)


Started GET "/assets/application.js?body=1" for 127.0.0.1 at 2014-08-22 17:45:49 -0300
Served asset /application.js - 304 Not Modified (35ms)


Started GET "/orders/new" for 127.0.0.1 at 2014-08-22 17:45:51 -0300
Processing by OrdersController#new as HTML
  Rendered orders/_form.html.erb (16.1ms)
  Rendered orders/new.html.erb within layouts/application (17.7ms)
Completed 200 OK in 46.2ms (Views: 26.5ms | ActiveRecord: 0.0ms)


Started GET "/assets/application.css?body=1" for 127.0.0.1 at 2014-08-22 17:45:51 -0300
Served asset /application.css - 304 Not Modified (0ms)


Started GET "/assets/conferencerms.css?body=1" for 127.0.0.1 at 2014-08-22 17:45:51 -0300
Served asset /conferencerms.css - 304 Not Modified (18ms)


Started GET "/assets/orders.css?body=1" for 127.0.0.1 at 2014-08-22 17:45:51 -0300
Served asset /orders.css - 304 Not Modified (0ms)


Started GET "/assets/depts.css?body=1" for 127.0.0.1 at 2014-08-22 17:45:51 -0300
Served asset /depts.css - 304 Not Modified (0ms)


Started GET "/assets/caterers.css?body=1" for 127.0.0.1 at 2014-08-22 17:45:52 -0300
Served asset /caterers.css - 304 Not Modified (0ms)


Started GET "/assets/scaffolds.css?body=1" for 127.0.0.1 at 2014-08-22 17:45:52 -0300
Served asset /scaffolds.css - 304 Not Modified (17ms)


Started GET "/assets/jquery.js?body=1" for 127.0.0.1 at 2014-08-22 17:45:52 -0300
Served asset /jquery.js - 304 Not Modified (11ms)


Started GET "/assets/conferencerms.js?body=1" for 127.0.0.1 at 2014-08-22 17:45:52 -0300
Served asset /conferencerms.js - 304 Not Modified (0ms)


Started GET "/assets/caterers.js?body=1" for 127.0.0.1 at 2014-08-22 17:45:52 -0300
Served asset /caterers.js - 304 Not Modified (0ms)


Started GET "/assets/jquery_ujs.js?body=1" for 127.0.0.1 at 2014-08-22 17:45:52 -0300
Served asset /jquery_ujs.js - 304 Not Modified (0ms)


Started GET "/assets/depts.js?body=1" for 127.0.0.1 at 2014-08-22 17:45:52 -0300
Served asset /depts.js - 304 Not Modified (10ms)


Started GET "/assets/orders.js?body=1" for 127.0.0.1 at 2014-08-22 17:45:52 -0300
Served asset /orders.js - 304 Not Modified (0ms)


Started GET "/assets/application.js?body=1" for 127.0.0.1 at 2014-08-22 17:45:52 -0300
Served asset /application.js - 304 Not Modified (4ms)


Started GET "/depts" for 127.0.0.1 at 2014-08-22 20:51:08 -0300
Connecting to database specified by database.yml

ActiveRecord::ConnectionNotEstablished (ActiveRecord::ConnectionNotEstablished):
  activerecord (3.2.18) lib/active_record/connection_adapters/abstract/connection_pool.rb:410:in `retrieve_connection'
  activerecord (3.2.18) lib/active_record/connection_adapters/abstract/connection_specification.rb:171:in `retrieve_connection'
  activerecord (3.2.18) lib/active_record/connection_adapters/abstract/connection_specification.rb:145:in `connection'
  activerecord (3.2.18) lib/active_record/query_cache.rb:67:in `rescue in call'
  activerecord (3.2.18) lib/active_record/query_cache.rb:61:in `call'
  activerecord (3.2.18) lib/active_record/connection_adapters/abstract/connection_pool.rb:479:in `call'
  actionpack (3.2.18) lib/action_dispatch/middleware/callbacks.rb:28:in `block in call'
  activesupport (3.2.18) lib/active_support/callbacks.rb:405:in `_run__150321896__call__555745324__callbacks'
  activesupport (3.2.18) lib/active_support/callbacks.rb:405:in `__run_callback'
  activesupport (3.2.18) lib/active_support/callbacks.rb:385:in `_run_call_callbacks'
  activesupport (3.2.18) lib/active_support/callbacks.rb:81:in `run_callbacks'
  actionpack (3.2.18) lib/action_dispatch/middleware/callbacks.rb:27:in `call'
  actionpack (3.2.18) lib/action_dispatch/middleware/reloader.rb:65:in `call'
  actionpack (3.2.18) lib/action_dispatch/middleware/remote_ip.rb:31:in `call'
  actionpack (3.2.18) lib/action_dispatch/middleware/debug_exceptions.rb:16:in `call'
  actionpack (3.2.18) lib/action_dispatch/middleware/show_exceptions.rb:56:in `call'
  railties (3.2.18) lib/rails/rack/logger.rb:32:in `call_app'
  railties (3.2.18) lib/rails/rack/logger.rb:16:in `block in call'
  activesupport (3.2.18) lib/active_support/tagged_logging.rb:22:in `tagged'
  railties (3.2.18) lib/rails/rack/logger.rb:16:in `call'
  actionpack (3.2.18) lib/action_dispatch/middleware/request_id.rb:22:in `call'
  rack (1.4.5) lib/rack/methodoverride.rb:21:in `call'
  rack (1.4.5) lib/rack/runtime.rb:17:in `call'
  activesupport (3.2.18) lib/active_support/cache/strategy/local_cache.rb:72:in `call'
  rack (1.4.5) lib/rack/lock.rb:15:in `call'
  actionpack (3.2.18) lib/action_dispatch/middleware/static.rb:63:in `call'
  railties (3.2.18) lib/rails/engine.rb:484:in `call'
  railties (3.2.18) lib/rails/application.rb:231:in `call'
  rack (1.4.5) lib/rack/content_length.rb:14:in `call'
  railties (3.2.18) lib/rails/rack/log_tailer.rb:17:in `call'
  rack (1.4.5) lib/rack/handler/webrick.rb:59:in `service'
  /home/saasbook/.rvm/rubies/ruby-1.9.3-p448/lib/ruby/1.9.1/webrick/httpserver.rb:138:in `service'
  /home/saasbook/.rvm/rubies/ruby-1.9.3-p448/lib/ruby/1.9.1/webrick/httpserver.rb:94:in `run'
  /home/saasbook/.rvm/rubies/ruby-1.9.3-p448/lib/ruby/1.9.1/webrick/server.rb:191:in `block in start_thread'


  Rendered /home/saasbook/.rvm/gems/ruby-1.9.3-p448/gems/actionpack-3.2.18/lib/action_dispatch/middleware/templates/rescues/_trace.erb (1.1ms)
  Rendered /home/saasbook/.rvm/gems/ruby-1.9.3-p448/gems/actionpack-3.2.18/lib/action_dispatch/middleware/templates/rescues/_request_and_response.erb (4.4ms)
  Rendered /home/saasbook/.rvm/gems/ruby-1.9.3-p448/gems/actionpack-3.2.18/lib/action_dispatch/middleware/templates/rescues/diagnostics.erb within rescues/layout (16.3ms)
Connecting to database specified by database.yml
Connecting to database specified by database.yml
Connecting to database specified by database.yml
Connecting to database specified by database.yml
Connecting to database specified by database.yml
  [1m[36m (30.7ms)[0m  [1mCREATE TABLE `schema_migrations` (`version` varchar(255) NOT NULL) ENGINE=InnoDB[0m
  [1m[35m (35.4ms)[0m  CREATE UNIQUE INDEX `unique_schema_migrations` ON `schema_migrations` (`version`)
  [1m[36m (1.8ms)[0m  [1mSELECT `schema_migrations`.`version` FROM `schema_migrations` [0m
Migrating to CreateDepts (20140819155513)
  [1m[35m (7.7ms)[0m  CREATE TABLE `depts` (`id` int(11) DEFAULT NULL auto_increment PRIMARY KEY, `deptname` varchar(255), `created_at` datetime NOT NULL, `updated_at` datetime NOT NULL) ENGINE=InnoDB
  [1m[36m (3.3ms)[0m  [1mINSERT INTO `schema_migrations` (`version`) VALUES ('20140819155513')[0m
Migrating to CreateConferencerms (20140819160117)
  [1m[35m (7.5ms)[0m  CREATE TABLE `conferencerms` (`id` int(11) DEFAULT NULL auto_increment PRIMARY KEY, `number` int(11), `created_at` datetime NOT NULL, `updated_at` datetime NOT NULL) ENGINE=InnoDB
  [1m[36m (6.1ms)[0m  [1mINSERT INTO `schema_migrations` (`version`) VALUES ('20140819160117')[0m
Migrating to CreateCaterers (20140819161406)
  [1m[35m (17.0ms)[0m  CREATE TABLE `caterers` (`id` int(11) DEFAULT NULL auto_increment PRIMARY KEY, `caterername` varchar(255), `created_at` datetime NOT NULL, `updated_at` datetime NOT NULL) ENGINE=InnoDB
  [1m[36m (2.7ms)[0m  [1mINSERT INTO `schema_migrations` (`version`) VALUES ('20140819161406')[0m
Migrating to CreateOrders (20140822204454)
  [1m[35m (26.2ms)[0m  CREATE TABLE `orders` (`id` int(11) DEFAULT NULL auto_increment PRIMARY KEY, `name` varchar(255), `department` varchar(255), `delivery_date` datetime, `conference_room` varchar(255), `no_of_people` int(11), `cater` varchar(255), `food_allergy` varchar(255), `special_requests` text, `credit_card` varchar(255), `created_at` datetime NOT NULL, `updated_at` datetime NOT NULL) ENGINE=InnoDB
  [1m[36m (2.0ms)[0m  [1mINSERT INTO `schema_migrations` (`version`) VALUES ('20140822204454')[0m
  [1m[35m (0.1ms)[0m  SELECT `schema_migrations`.`version` FROM `schema_migrations` 


Started GET "/orders" for 127.0.0.1 at 2014-08-23 00:12:39 -0300
Connecting to database specified by database.yml
Processing by OrdersController#index as HTML
  [1m[36mOrder Load (0.3ms)[0m  [1mSELECT `orders`.* FROM `orders` [0m
  Rendered orders/index.html.erb within layouts/application (13.9ms)
Completed 200 OK in 306.8ms (Views: 235.9ms | ActiveRecord: 1.6ms)


Started GET "/assets/application.css?body=1" for 127.0.0.1 at 2014-08-23 00:12:40 -0300
Served asset /application.css - 200 OK (51ms)


Started GET "/assets/scaffolds.css?body=1" for 127.0.0.1 at 2014-08-23 00:12:40 -0300
Served asset /scaffolds.css - 200 OK (2ms)


Started GET "/assets/orders.css?body=1" for 127.0.0.1 at 2014-08-23 00:12:40 -0300
Served asset /orders.css - 200 OK (3ms)


Started GET "/assets/depts.css?body=1" for 127.0.0.1 at 2014-08-23 00:12:40 -0300
Served asset /depts.css - 200 OK (19ms)


Started GET "/assets/conferencerms.css?body=1" for 127.0.0.1 at 2014-08-23 00:12:40 -0300
Served asset /conferencerms.css - 200 OK (56ms)


Started GET "/assets/caterers.css?body=1" for 127.0.0.1 at 2014-08-23 00:12:40 -0300
Served asset /caterers.css - 200 OK (2ms)


Started GET "/assets/jquery.js?body=1" for 127.0.0.1 at 2014-08-23 00:12:40 -0300
Served asset /jquery.js - 200 OK (3ms)


Started GET "/assets/jquery_ujs.js?body=1" for 127.0.0.1 at 2014-08-23 00:12:40 -0300
Served asset /jquery_ujs.js - 200 OK (10ms)


Started GET "/assets/caterers.js?body=1" for 127.0.0.1 at 2014-08-23 00:12:40 -0300
Served asset /caterers.js - 200 OK (15ms)


Started GET "/assets/conferencerms.js?body=1" for 127.0.0.1 at 2014-08-23 00:12:40 -0300
Served asset /conferencerms.js - 200 OK (2ms)


Started GET "/assets/depts.js?body=1" for 127.0.0.1 at 2014-08-23 00:12:40 -0300
Served asset /depts.js - 200 OK (1ms)


Started GET "/assets/orders.js?body=1" for 127.0.0.1 at 2014-08-23 00:12:40 -0300
Served asset /orders.js - 200 OK (1ms)


Started GET "/assets/application.js?body=1" for 127.0.0.1 at 2014-08-23 00:12:40 -0300
Served asset /application.js - 200 OK (36ms)
